<?xml version="1.0" encoding="UTF-8"?>
<testsuite xmlns:xsi="http://www.w3.org/2001/XMLSchema-instance" xsi:noNamespaceSchemaLocation="https://maven.apache.org/surefire/maven-failsafe-plugin/xsd/failsafe-test-report.xsd" name="kristiania.enterprise.exam.frontend.selenium.SeleniumDockerIT" time="72.468" tests="1" errors="1" skipped="0" failures="0">
  <properties>
    <property name="gopherProxySet" value="false"/>
    <property name="awt.toolkit" value="sun.lwawt.macosx.LWCToolkit"/>
    <property name="file.encoding.pkg" value="sun.io"/>
    <property name="java.specification.version" value="1.8"/>
    <property name="sun.cpu.isalist" value=""/>
    <property name="sun.jnu.encoding" value="UTF-8"/>
    <property name="java.class.path" value="/Users/olav/Documents/skole/kristiania/4_semester/enterprise/mock/frontend/target/test-classes:/Users/olav/Documents/skole/kristiania/4_semester/enterprise/mock/frontend/target/frontend-1.0-SNAPSHOT.jar:/Users/olav/Documents/skole/kristiania/4_semester/enterprise/mock/backend/target/backend-1.0-SNAPSHOT.jar:/Users/olav/.m2/repository/org/springframework/boot/spring-boot-starter/2.1.3.RELEASE/spring-boot-starter-2.1.3.RELEASE.jar:/Users/olav/.m2/repository/org/springframework/boot/spring-boot/2.1.3.RELEASE/spring-boot-2.1.3.RELEASE.jar:/Users/olav/.m2/repository/org/springframework/boot/spring-boot-autoconfigure/2.1.3.RELEASE/spring-boot-autoconfigure-2.1.3.RELEASE.jar:/Users/olav/.m2/repository/org/springframework/boot/spring-boot-starter-logging/2.1.3.RELEASE/spring-boot-starter-logging-2.1.3.RELEASE.jar:/Users/olav/.m2/repository/ch/qos/logback/logback-classic/1.2.3/logback-classic-1.2.3.jar:/Users/olav/.m2/repository/ch/qos/logback/logback-core/1.2.3/logback-core-1.2.3.jar:/Users/olav/.m2/repository/org/apache/logging/log4j/log4j-to-slf4j/2.11.2/log4j-to-slf4j-2.11.2.jar:/Users/olav/.m2/repository/org/apache/logging/log4j/log4j-api/2.11.2/log4j-api-2.11.2.jar:/Users/olav/.m2/repository/org/slf4j/jul-to-slf4j/1.7.25/jul-to-slf4j-1.7.25.jar:/Users/olav/.m2/repository/org/yaml/snakeyaml/1.23/snakeyaml-1.23.jar:/Users/olav/.m2/repository/org/springframework/boot/spring-boot-starter-data-jpa/2.1.3.RELEASE/spring-boot-starter-data-jpa-2.1.3.RELEASE.jar:/Users/olav/.m2/repository/org/springframework/boot/spring-boot-starter-aop/2.1.3.RELEASE/spring-boot-starter-aop-2.1.3.RELEASE.jar:/Users/olav/.m2/repository/org/aspectj/aspectjweaver/1.9.2/aspectjweaver-1.9.2.jar:/Users/olav/.m2/repository/org/springframework/boot/spring-boot-starter-jdbc/2.1.3.RELEASE/spring-boot-starter-jdbc-2.1.3.RELEASE.jar:/Users/olav/.m2/repository/com/zaxxer/HikariCP/3.2.0/HikariCP-3.2.0.jar:/Users/olav/.m2/repository/org/springframework/spring-jdbc/5.1.5.RELEASE/spring-jdbc-5.1.5.RELEASE.jar:/Users/olav/.m2/repository/javax/transaction/javax.transaction-api/1.3/javax.transaction-api-1.3.jar:/Users/olav/.m2/repository/org/hibernate/hibernate-core/5.3.7.Final/hibernate-core-5.3.7.Final.jar:/Users/olav/.m2/repository/javax/persistence/javax.persistence-api/2.2/javax.persistence-api-2.2.jar:/Users/olav/.m2/repository/antlr/antlr/2.7.7/antlr-2.7.7.jar:/Users/olav/.m2/repository/org/jboss/jandex/2.0.5.Final/jandex-2.0.5.Final.jar:/Users/olav/.m2/repository/org/dom4j/dom4j/2.1.1/dom4j-2.1.1.jar:/Users/olav/.m2/repository/org/hibernate/common/hibernate-commons-annotations/5.0.4.Final/hibernate-commons-annotations-5.0.4.Final.jar:/Users/olav/.m2/repository/org/springframework/data/spring-data-jpa/2.1.5.RELEASE/spring-data-jpa-2.1.5.RELEASE.jar:/Users/olav/.m2/repository/org/springframework/data/spring-data-commons/2.1.5.RELEASE/spring-data-commons-2.1.5.RELEASE.jar:/Users/olav/.m2/repository/org/springframework/spring-orm/5.1.5.RELEASE/spring-orm-5.1.5.RELEASE.jar:/Users/olav/.m2/repository/org/springframework/spring-tx/5.1.5.RELEASE/spring-tx-5.1.5.RELEASE.jar:/Users/olav/.m2/repository/org/springframework/spring-aspects/5.1.5.RELEASE/spring-aspects-5.1.5.RELEASE.jar:/Users/olav/.m2/repository/org/springframework/boot/spring-boot-starter-validation/2.1.3.RELEASE/spring-boot-starter-validation-2.1.3.RELEASE.jar:/Users/olav/.m2/repository/org/apache/tomcat/embed/tomcat-embed-el/9.0.16/tomcat-embed-el-9.0.16.jar:/Users/olav/.m2/repository/org/springframework/boot/spring-boot-starter-security/2.1.3.RELEASE/spring-boot-starter-security-2.1.3.RELEASE.jar:/Users/olav/.m2/repository/org/springframework/spring-aop/5.1.5.RELEASE/spring-aop-5.1.5.RELEASE.jar:/Users/olav/.m2/repository/org/springframework/security/spring-security-config/5.1.4.RELEASE/spring-security-config-5.1.4.RELEASE.jar:/Users/olav/.m2/repository/org/springframework/security/spring-security-core/5.1.4.RELEASE/spring-security-core-5.1.4.RELEASE.jar:/Users/olav/.m2/repository/org/springframework/security/spring-security-web/5.1.4.RELEASE/spring-security-web-5.1.4.RELEASE.jar:/Users/olav/.m2/repository/org/postgresql/postgresql/42.1.4/postgresql-42.1.4.jar:/Users/olav/.m2/repository/org/flywaydb/flyway-core/5.2.1/flyway-core-5.2.1.jar:/Users/olav/.m2/repository/org/joinfaces/jsf-spring-boot-starter/3.2.3/jsf-spring-boot-starter-3.2.3.jar:/Users/olav/.m2/repository/org/joinfaces/tomcat-spring-boot-starter/3.2.3/tomcat-spring-boot-starter-3.2.3.jar:/Users/olav/.m2/repository/org/apache/tomcat/embed/tomcat-embed-jasper/9.0.16/tomcat-embed-jasper-9.0.16.jar:/Users/olav/.m2/repository/org/eclipse/jdt/ecj/3.15.0/ecj-3.15.0.jar:/Users/olav/.m2/repository/org/joinfaces/mojarra-spring-boot-starter/3.2.3/mojarra-spring-boot-starter-3.2.3.jar:/Users/olav/.m2/repository/org/glassfish/javax.faces/2.3.5/javax.faces-2.3.5.jar:/Users/olav/.m2/repository/org/joinfaces/omnifaces1-spring-boot-starter/3.2.3/omnifaces1-spring-boot-starter-3.2.3.jar:/Users/olav/.m2/repository/org/omnifaces/omnifaces/1.14.1/omnifaces-1.14.1.jar:/Users/olav/.m2/repository/org/joinfaces/joinfaces-autoconfigure/3.2.3/joinfaces-autoconfigure-3.2.3.jar:/Users/olav/.m2/repository/org/joinfaces/spring-security-jsf-taglib/3.2.3/spring-security-jsf-taglib-3.2.3.jar:/Users/olav/.m2/repository/org/springframework/security/spring-security-taglibs/5.1.4.RELEASE/spring-security-taglibs-5.1.4.RELEASE.jar:/Users/olav/.m2/repository/org/springframework/spring-beans/5.1.5.RELEASE/spring-beans-5.1.5.RELEASE.jar:/Users/olav/.m2/repository/org/springframework/spring-context/5.1.5.RELEASE/spring-context-5.1.5.RELEASE.jar:/Users/olav/.m2/repository/org/springframework/spring-expression/5.1.5.RELEASE/spring-expression-5.1.5.RELEASE.jar:/Users/olav/.m2/repository/org/reflections/reflections/0.9.11/reflections-0.9.11.jar:/Users/olav/.m2/repository/org/javassist/javassist/3.21.0-GA/javassist-3.21.0-GA.jar:/Users/olav/.m2/repository/javax/enterprise/cdi-api/2.0/cdi-api-2.0.jar:/Users/olav/.m2/repository/javax/interceptor/javax.interceptor-api/1.2/javax.interceptor-api-1.2.jar:/Users/olav/.m2/repository/javax/inject/javax.inject/1/javax.inject-1.jar:/Users/olav/.m2/repository/javax/servlet/jsp/jstl/javax.servlet.jsp.jstl-api/1.2.2/javax.servlet.jsp.jstl-api-1.2.2.jar:/Users/olav/.m2/repository/org/springframework/boot/spring-boot-starter-web/2.1.3.RELEASE/spring-boot-starter-web-2.1.3.RELEASE.jar:/Users/olav/.m2/repository/org/springframework/boot/spring-boot-starter-json/2.1.3.RELEASE/spring-boot-starter-json-2.1.3.RELEASE.jar:/Users/olav/.m2/repository/com/fasterxml/jackson/core/jackson-databind/2.9.8/jackson-databind-2.9.8.jar:/Users/olav/.m2/repository/com/fasterxml/jackson/core/jackson-annotations/2.9.0/jackson-annotations-2.9.0.jar:/Users/olav/.m2/repository/com/fasterxml/jackson/core/jackson-core/2.9.8/jackson-core-2.9.8.jar:/Users/olav/.m2/repository/com/fasterxml/jackson/datatype/jackson-datatype-jdk8/2.9.8/jackson-datatype-jdk8-2.9.8.jar:/Users/olav/.m2/repository/com/fasterxml/jackson/datatype/jackson-datatype-jsr310/2.9.8/jackson-datatype-jsr310-2.9.8.jar:/Users/olav/.m2/repository/com/fasterxml/jackson/module/jackson-module-parameter-names/2.9.8/jackson-module-parameter-names-2.9.8.jar:/Users/olav/.m2/repository/org/springframework/boot/spring-boot-starter-tomcat/2.1.3.RELEASE/spring-boot-starter-tomcat-2.1.3.RELEASE.jar:/Users/olav/.m2/repository/org/apache/tomcat/embed/tomcat-embed-core/9.0.16/tomcat-embed-core-9.0.16.jar:/Users/olav/.m2/repository/org/apache/tomcat/embed/tomcat-embed-websocket/9.0.16/tomcat-embed-websocket-9.0.16.jar:/Users/olav/.m2/repository/org/hibernate/validator/hibernate-validator/6.0.14.Final/hibernate-validator-6.0.14.Final.jar:/Users/olav/.m2/repository/javax/validation/validation-api/2.0.1.Final/validation-api-2.0.1.Final.jar:/Users/olav/.m2/repository/org/jboss/logging/jboss-logging/3.3.2.Final/jboss-logging-3.3.2.Final.jar:/Users/olav/.m2/repository/com/fasterxml/classmate/1.4.0/classmate-1.4.0.jar:/Users/olav/.m2/repository/org/springframework/spring-web/5.1.5.RELEASE/spring-web-5.1.5.RELEASE.jar:/Users/olav/.m2/repository/org/springframework/spring-webmvc/5.1.5.RELEASE/spring-webmvc-5.1.5.RELEASE.jar:/Users/olav/.m2/repository/org/springframework/boot/spring-boot-starter-test/2.1.3.RELEASE/spring-boot-starter-test-2.1.3.RELEASE.jar:/Users/olav/.m2/repository/org/springframework/boot/spring-boot-test/2.1.3.RELEASE/spring-boot-test-2.1.3.RELEASE.jar:/Users/olav/.m2/repository/org/springframework/boot/spring-boot-test-autoconfigure/2.1.3.RELEASE/spring-boot-test-autoconfigure-2.1.3.RELEASE.jar:/Users/olav/.m2/repository/com/jayway/jsonpath/json-path/2.4.0/json-path-2.4.0.jar:/Users/olav/.m2/repository/net/minidev/json-smart/2.3/json-smart-2.3.jar:/Users/olav/.m2/repository/net/minidev/accessors-smart/1.2/accessors-smart-1.2.jar:/Users/olav/.m2/repository/org/ow2/asm/asm/5.0.4/asm-5.0.4.jar:/Users/olav/.m2/repository/junit/junit/4.12/junit-4.12.jar:/Users/olav/.m2/repository/org/assertj/assertj-core/3.11.1/assertj-core-3.11.1.jar:/Users/olav/.m2/repository/org/mockito/mockito-core/2.23.4/mockito-core-2.23.4.jar:/Users/olav/.m2/repository/net/bytebuddy/byte-buddy-agent/1.9.10/byte-buddy-agent-1.9.10.jar:/Users/olav/.m2/repository/org/objenesis/objenesis/2.6/objenesis-2.6.jar:/Users/olav/.m2/repository/org/hamcrest/hamcrest-core/1.3/hamcrest-core-1.3.jar:/Users/olav/.m2/repository/org/hamcrest/hamcrest-library/1.3/hamcrest-library-1.3.jar:/Users/olav/.m2/repository/org/skyscreamer/jsonassert/1.5.0/jsonassert-1.5.0.jar:/Users/olav/.m2/repository/com/vaadin/external/google/android-json/0.0.20131108.vaadin1/android-json-0.0.20131108.vaadin1.jar:/Users/olav/.m2/repository/org/springframework/spring-core/5.1.5.RELEASE/spring-core-5.1.5.RELEASE.jar:/Users/olav/.m2/repository/org/springframework/spring-jcl/5.1.5.RELEASE/spring-jcl-5.1.5.RELEASE.jar:/Users/olav/.m2/repository/org/springframework/spring-test/5.1.5.RELEASE/spring-test-5.1.5.RELEASE.jar:/Users/olav/.m2/repository/org/xmlunit/xmlunit-core/2.6.2/xmlunit-core-2.6.2.jar:/Users/olav/.m2/repository/org/junit/jupiter/junit-jupiter-engine/5.3.2/junit-jupiter-engine-5.3.2.jar:/Users/olav/.m2/repository/org/apiguardian/apiguardian-api/1.0.0/apiguardian-api-1.0.0.jar:/Users/olav/.m2/repository/org/junit/platform/junit-platform-engine/1.3.2/junit-platform-engine-1.3.2.jar:/Users/olav/.m2/repository/org/junit/platform/junit-platform-commons/1.3.2/junit-platform-commons-1.3.2.jar:/Users/olav/.m2/repository/org/opentest4j/opentest4j/1.1.1/opentest4j-1.1.1.jar:/Users/olav/.m2/repository/org/junit/jupiter/junit-jupiter-api/5.3.2/junit-jupiter-api-5.3.2.jar:/Users/olav/.m2/repository/org/seleniumhq/selenium/selenium-java/3.141.59/selenium-java-3.141.59.jar:/Users/olav/.m2/repository/org/seleniumhq/selenium/selenium-edge-driver/3.14.0/selenium-edge-driver-3.14.0.jar:/Users/olav/.m2/repository/commons-codec/commons-codec/1.11/commons-codec-1.11.jar:/Users/olav/.m2/repository/commons-logging/commons-logging/1.2/commons-logging-1.2.jar:/Users/olav/.m2/repository/org/apache/httpcomponents/httpclient/4.5.7/httpclient-4.5.7.jar:/Users/olav/.m2/repository/org/apache/httpcomponents/httpcore/4.4.11/httpcore-4.4.11.jar:/Users/olav/.m2/repository/org/seleniumhq/selenium/selenium-firefox-driver/3.14.0/selenium-firefox-driver-3.14.0.jar:/Users/olav/.m2/repository/org/seleniumhq/selenium/selenium-ie-driver/3.14.0/selenium-ie-driver-3.14.0.jar:/Users/olav/.m2/repository/org/seleniumhq/selenium/selenium-opera-driver/3.14.0/selenium-opera-driver-3.14.0.jar:/Users/olav/.m2/repository/org/seleniumhq/selenium/selenium-safari-driver/3.14.0/selenium-safari-driver-3.14.0.jar:/Users/olav/.m2/repository/net/bytebuddy/byte-buddy/1.9.10/byte-buddy-1.9.10.jar:/Users/olav/.m2/repository/org/apache/commons/commons-exec/1.3/commons-exec-1.3.jar:/Users/olav/.m2/repository/com/google/guava/guava/25.0-jre/guava-25.0-jre.jar:/Users/olav/.m2/repository/com/google/code/findbugs/jsr305/1.3.9/jsr305-1.3.9.jar:/Users/olav/.m2/repository/org/checkerframework/checker-compat-qual/2.0.0/checker-compat-qual-2.0.0.jar:/Users/olav/.m2/repository/com/google/errorprone/error_prone_annotations/2.1.3/error_prone_annotations-2.1.3.jar:/Users/olav/.m2/repository/com/google/j2objc/j2objc-annotations/1.1/j2objc-annotations-1.1.jar:/Users/olav/.m2/repository/org/codehaus/mojo/animal-sniffer-annotations/1.14/animal-sniffer-annotations-1.14.jar:/Users/olav/.m2/repository/com/squareup/okhttp3/okhttp/3.11.0/okhttp-3.11.0.jar:/Users/olav/.m2/repository/com/squareup/okio/okio/1.14.0/okio-1.14.0.jar:/Users/olav/.m2/repository/org/seleniumhq/selenium/selenium-api/3.141.59/selenium-api-3.141.59.jar:/Users/olav/.m2/repository/org/seleniumhq/selenium/selenium-chrome-driver/3.141.59/selenium-chrome-driver-3.141.59.jar:/Users/olav/.m2/repository/org/seleniumhq/selenium/selenium-remote-driver/3.141.59/selenium-remote-driver-3.141.59.jar:/Users/olav/.m2/repository/org/seleniumhq/selenium/selenium-support/3.141.59/selenium-support-3.141.59.jar:/Users/olav/.m2/repository/org/testcontainers/testcontainers/1.10.1/testcontainers-1.10.1.jar:/Users/olav/.m2/repository/org/slf4j/slf4j-api/1.7.25/slf4j-api-1.7.25.jar:/Users/olav/.m2/repository/org/slf4j/slf4j-ext/1.7.25/slf4j-ext-1.7.25.jar:/Users/olav/.m2/repository/org/jetbrains/annotations/15.0/annotations-15.0.jar:/Users/olav/.m2/repository/javax/annotation/javax.annotation-api/1.3.2/javax.annotation-api-1.3.2.jar:/Users/olav/.m2/repository/org/apache/commons/commons-compress/1.18/commons-compress-1.18.jar:/Users/olav/.m2/repository/javax/xml/bind/jaxb-api/2.3.1/jaxb-api-2.3.1.jar:/Users/olav/.m2/repository/javax/activation/javax.activation-api/1.2.0/javax.activation-api-1.2.0.jar:/Users/olav/.m2/repository/org/rnorth/duct-tape/duct-tape/1.0.7/duct-tape-1.0.7.jar:/Users/olav/.m2/repository/org/rnorth/visible-assertions/visible-assertions/2.1.1/visible-assertions-2.1.1.jar:/Users/olav/.m2/repository/net/java/dev/jna/jna/4.5.2/jna-4.5.2.jar:/Users/olav/.m2/repository/org/rnorth/tcp-unix-socket-proxy/1.0.2/tcp-unix-socket-proxy-1.0.2.jar:/Users/olav/.m2/repository/com/kohlschutter/junixsocket/junixsocket-native-common/2.0.4/junixsocket-native-common-2.0.4.jar:/Users/olav/.m2/repository/org/scijava/native-lib-loader/2.0.2/native-lib-loader-2.0.2.jar:/Users/olav/.m2/repository/com/kohlschutter/junixsocket/junixsocket-common/2.0.4/junixsocket-common-2.0.4.jar:/Users/olav/.m2/repository/net/java/dev/jna/jna-platform/4.5.2/jna-platform-4.5.2.jar:/Users/olav/.m2/repository/org/testcontainers/selenium/1.10.1/selenium-1.10.1.jar:/Users/olav/.m2/repository/org/jacoco/org.jacoco.core/0.7.9/org.jacoco.core-0.7.9.jar:/Users/olav/.m2/repository/org/ow2/asm/asm-debug-all/5.2/asm-debug-all-5.2.jar:/Users/olav/.m2/repository/com/h2database/h2/1.4.197/h2-1.4.197.jar:"/>
    <property name="java.vm.vendor" value="Oracle Corporation"/>
    <property name="sun.arch.data.model" value="64"/>
    <property name="java.vendor.url" value="http://java.oracle.com/"/>
    <property name="user.timezone" value=""/>
    <property name="user.country.format" value="NO"/>
    <property name="java.vm.specification.version" value="1.8"/>
    <property name="os.name" value="Mac OS X"/>
    <property name="user.country" value="US"/>
    <property name="sun.java.launcher" value="SUN_STANDARD"/>
    <property name="sun.boot.library.path" value="/Library/Java/JavaVirtualMachines/jdk1.8.0_144.jdk/Contents/Home/jre/lib"/>
    <property name="sun.java.command" value="/Users/olav/Documents/skole/kristiania/4_semester/enterprise/mock/frontend/target/surefire/surefirebooter3000968319098107896.jar /Users/olav/Documents/skole/kristiania/4_semester/enterprise/mock/frontend/target/surefire 2019-05-01T11-40-23_854-jvmRun1 surefire7424455122430765300tmp surefire_05663969435374989952tmp"/>
    <property name="http.nonProxyHosts" value="local|*.local|169.254/16|*.169.254/16"/>
    <property name="surefire.test.class.path" value="/Users/olav/Documents/skole/kristiania/4_semester/enterprise/mock/frontend/target/test-classes:/Users/olav/Documents/skole/kristiania/4_semester/enterprise/mock/frontend/target/frontend-1.0-SNAPSHOT.jar:/Users/olav/Documents/skole/kristiania/4_semester/enterprise/mock/backend/target/backend-1.0-SNAPSHOT.jar:/Users/olav/.m2/repository/org/springframework/boot/spring-boot-starter/2.1.3.RELEASE/spring-boot-starter-2.1.3.RELEASE.jar:/Users/olav/.m2/repository/org/springframework/boot/spring-boot/2.1.3.RELEASE/spring-boot-2.1.3.RELEASE.jar:/Users/olav/.m2/repository/org/springframework/boot/spring-boot-autoconfigure/2.1.3.RELEASE/spring-boot-autoconfigure-2.1.3.RELEASE.jar:/Users/olav/.m2/repository/org/springframework/boot/spring-boot-starter-logging/2.1.3.RELEASE/spring-boot-starter-logging-2.1.3.RELEASE.jar:/Users/olav/.m2/repository/ch/qos/logback/logback-classic/1.2.3/logback-classic-1.2.3.jar:/Users/olav/.m2/repository/ch/qos/logback/logback-core/1.2.3/logback-core-1.2.3.jar:/Users/olav/.m2/repository/org/apache/logging/log4j/log4j-to-slf4j/2.11.2/log4j-to-slf4j-2.11.2.jar:/Users/olav/.m2/repository/org/apache/logging/log4j/log4j-api/2.11.2/log4j-api-2.11.2.jar:/Users/olav/.m2/repository/org/slf4j/jul-to-slf4j/1.7.25/jul-to-slf4j-1.7.25.jar:/Users/olav/.m2/repository/org/yaml/snakeyaml/1.23/snakeyaml-1.23.jar:/Users/olav/.m2/repository/org/springframework/boot/spring-boot-starter-data-jpa/2.1.3.RELEASE/spring-boot-starter-data-jpa-2.1.3.RELEASE.jar:/Users/olav/.m2/repository/org/springframework/boot/spring-boot-starter-aop/2.1.3.RELEASE/spring-boot-starter-aop-2.1.3.RELEASE.jar:/Users/olav/.m2/repository/org/aspectj/aspectjweaver/1.9.2/aspectjweaver-1.9.2.jar:/Users/olav/.m2/repository/org/springframework/boot/spring-boot-starter-jdbc/2.1.3.RELEASE/spring-boot-starter-jdbc-2.1.3.RELEASE.jar:/Users/olav/.m2/repository/com/zaxxer/HikariCP/3.2.0/HikariCP-3.2.0.jar:/Users/olav/.m2/repository/org/springframework/spring-jdbc/5.1.5.RELEASE/spring-jdbc-5.1.5.RELEASE.jar:/Users/olav/.m2/repository/javax/transaction/javax.transaction-api/1.3/javax.transaction-api-1.3.jar:/Users/olav/.m2/repository/org/hibernate/hibernate-core/5.3.7.Final/hibernate-core-5.3.7.Final.jar:/Users/olav/.m2/repository/javax/persistence/javax.persistence-api/2.2/javax.persistence-api-2.2.jar:/Users/olav/.m2/repository/antlr/antlr/2.7.7/antlr-2.7.7.jar:/Users/olav/.m2/repository/org/jboss/jandex/2.0.5.Final/jandex-2.0.5.Final.jar:/Users/olav/.m2/repository/org/dom4j/dom4j/2.1.1/dom4j-2.1.1.jar:/Users/olav/.m2/repository/org/hibernate/common/hibernate-commons-annotations/5.0.4.Final/hibernate-commons-annotations-5.0.4.Final.jar:/Users/olav/.m2/repository/org/springframework/data/spring-data-jpa/2.1.5.RELEASE/spring-data-jpa-2.1.5.RELEASE.jar:/Users/olav/.m2/repository/org/springframework/data/spring-data-commons/2.1.5.RELEASE/spring-data-commons-2.1.5.RELEASE.jar:/Users/olav/.m2/repository/org/springframework/spring-orm/5.1.5.RELEASE/spring-orm-5.1.5.RELEASE.jar:/Users/olav/.m2/repository/org/springframework/spring-tx/5.1.5.RELEASE/spring-tx-5.1.5.RELEASE.jar:/Users/olav/.m2/repository/org/springframework/spring-aspects/5.1.5.RELEASE/spring-aspects-5.1.5.RELEASE.jar:/Users/olav/.m2/repository/org/springframework/boot/spring-boot-starter-validation/2.1.3.RELEASE/spring-boot-starter-validation-2.1.3.RELEASE.jar:/Users/olav/.m2/repository/org/apache/tomcat/embed/tomcat-embed-el/9.0.16/tomcat-embed-el-9.0.16.jar:/Users/olav/.m2/repository/org/springframework/boot/spring-boot-starter-security/2.1.3.RELEASE/spring-boot-starter-security-2.1.3.RELEASE.jar:/Users/olav/.m2/repository/org/springframework/spring-aop/5.1.5.RELEASE/spring-aop-5.1.5.RELEASE.jar:/Users/olav/.m2/repository/org/springframework/security/spring-security-config/5.1.4.RELEASE/spring-security-config-5.1.4.RELEASE.jar:/Users/olav/.m2/repository/org/springframework/security/spring-security-core/5.1.4.RELEASE/spring-security-core-5.1.4.RELEASE.jar:/Users/olav/.m2/repository/org/springframework/security/spring-security-web/5.1.4.RELEASE/spring-security-web-5.1.4.RELEASE.jar:/Users/olav/.m2/repository/org/postgresql/postgresql/42.1.4/postgresql-42.1.4.jar:/Users/olav/.m2/repository/org/flywaydb/flyway-core/5.2.1/flyway-core-5.2.1.jar:/Users/olav/.m2/repository/org/joinfaces/jsf-spring-boot-starter/3.2.3/jsf-spring-boot-starter-3.2.3.jar:/Users/olav/.m2/repository/org/joinfaces/tomcat-spring-boot-starter/3.2.3/tomcat-spring-boot-starter-3.2.3.jar:/Users/olav/.m2/repository/org/apache/tomcat/embed/tomcat-embed-jasper/9.0.16/tomcat-embed-jasper-9.0.16.jar:/Users/olav/.m2/repository/org/eclipse/jdt/ecj/3.15.0/ecj-3.15.0.jar:/Users/olav/.m2/repository/org/joinfaces/mojarra-spring-boot-starter/3.2.3/mojarra-spring-boot-starter-3.2.3.jar:/Users/olav/.m2/repository/org/glassfish/javax.faces/2.3.5/javax.faces-2.3.5.jar:/Users/olav/.m2/repository/org/joinfaces/omnifaces1-spring-boot-starter/3.2.3/omnifaces1-spring-boot-starter-3.2.3.jar:/Users/olav/.m2/repository/org/omnifaces/omnifaces/1.14.1/omnifaces-1.14.1.jar:/Users/olav/.m2/repository/org/joinfaces/joinfaces-autoconfigure/3.2.3/joinfaces-autoconfigure-3.2.3.jar:/Users/olav/.m2/repository/org/joinfaces/spring-security-jsf-taglib/3.2.3/spring-security-jsf-taglib-3.2.3.jar:/Users/olav/.m2/repository/org/springframework/security/spring-security-taglibs/5.1.4.RELEASE/spring-security-taglibs-5.1.4.RELEASE.jar:/Users/olav/.m2/repository/org/springframework/spring-beans/5.1.5.RELEASE/spring-beans-5.1.5.RELEASE.jar:/Users/olav/.m2/repository/org/springframework/spring-context/5.1.5.RELEASE/spring-context-5.1.5.RELEASE.jar:/Users/olav/.m2/repository/org/springframework/spring-expression/5.1.5.RELEASE/spring-expression-5.1.5.RELEASE.jar:/Users/olav/.m2/repository/org/reflections/reflections/0.9.11/reflections-0.9.11.jar:/Users/olav/.m2/repository/org/javassist/javassist/3.21.0-GA/javassist-3.21.0-GA.jar:/Users/olav/.m2/repository/javax/enterprise/cdi-api/2.0/cdi-api-2.0.jar:/Users/olav/.m2/repository/javax/interceptor/javax.interceptor-api/1.2/javax.interceptor-api-1.2.jar:/Users/olav/.m2/repository/javax/inject/javax.inject/1/javax.inject-1.jar:/Users/olav/.m2/repository/javax/servlet/jsp/jstl/javax.servlet.jsp.jstl-api/1.2.2/javax.servlet.jsp.jstl-api-1.2.2.jar:/Users/olav/.m2/repository/org/springframework/boot/spring-boot-starter-web/2.1.3.RELEASE/spring-boot-starter-web-2.1.3.RELEASE.jar:/Users/olav/.m2/repository/org/springframework/boot/spring-boot-starter-json/2.1.3.RELEASE/spring-boot-starter-json-2.1.3.RELEASE.jar:/Users/olav/.m2/repository/com/fasterxml/jackson/core/jackson-databind/2.9.8/jackson-databind-2.9.8.jar:/Users/olav/.m2/repository/com/fasterxml/jackson/core/jackson-annotations/2.9.0/jackson-annotations-2.9.0.jar:/Users/olav/.m2/repository/com/fasterxml/jackson/core/jackson-core/2.9.8/jackson-core-2.9.8.jar:/Users/olav/.m2/repository/com/fasterxml/jackson/datatype/jackson-datatype-jdk8/2.9.8/jackson-datatype-jdk8-2.9.8.jar:/Users/olav/.m2/repository/com/fasterxml/jackson/datatype/jackson-datatype-jsr310/2.9.8/jackson-datatype-jsr310-2.9.8.jar:/Users/olav/.m2/repository/com/fasterxml/jackson/module/jackson-module-parameter-names/2.9.8/jackson-module-parameter-names-2.9.8.jar:/Users/olav/.m2/repository/org/springframework/boot/spring-boot-starter-tomcat/2.1.3.RELEASE/spring-boot-starter-tomcat-2.1.3.RELEASE.jar:/Users/olav/.m2/repository/org/apache/tomcat/embed/tomcat-embed-core/9.0.16/tomcat-embed-core-9.0.16.jar:/Users/olav/.m2/repository/org/apache/tomcat/embed/tomcat-embed-websocket/9.0.16/tomcat-embed-websocket-9.0.16.jar:/Users/olav/.m2/repository/org/hibernate/validator/hibernate-validator/6.0.14.Final/hibernate-validator-6.0.14.Final.jar:/Users/olav/.m2/repository/javax/validation/validation-api/2.0.1.Final/validation-api-2.0.1.Final.jar:/Users/olav/.m2/repository/org/jboss/logging/jboss-logging/3.3.2.Final/jboss-logging-3.3.2.Final.jar:/Users/olav/.m2/repository/com/fasterxml/classmate/1.4.0/classmate-1.4.0.jar:/Users/olav/.m2/repository/org/springframework/spring-web/5.1.5.RELEASE/spring-web-5.1.5.RELEASE.jar:/Users/olav/.m2/repository/org/springframework/spring-webmvc/5.1.5.RELEASE/spring-webmvc-5.1.5.RELEASE.jar:/Users/olav/.m2/repository/org/springframework/boot/spring-boot-starter-test/2.1.3.RELEASE/spring-boot-starter-test-2.1.3.RELEASE.jar:/Users/olav/.m2/repository/org/springframework/boot/spring-boot-test/2.1.3.RELEASE/spring-boot-test-2.1.3.RELEASE.jar:/Users/olav/.m2/repository/org/springframework/boot/spring-boot-test-autoconfigure/2.1.3.RELEASE/spring-boot-test-autoconfigure-2.1.3.RELEASE.jar:/Users/olav/.m2/repository/com/jayway/jsonpath/json-path/2.4.0/json-path-2.4.0.jar:/Users/olav/.m2/repository/net/minidev/json-smart/2.3/json-smart-2.3.jar:/Users/olav/.m2/repository/net/minidev/accessors-smart/1.2/accessors-smart-1.2.jar:/Users/olav/.m2/repository/org/ow2/asm/asm/5.0.4/asm-5.0.4.jar:/Users/olav/.m2/repository/junit/junit/4.12/junit-4.12.jar:/Users/olav/.m2/repository/org/assertj/assertj-core/3.11.1/assertj-core-3.11.1.jar:/Users/olav/.m2/repository/org/mockito/mockito-core/2.23.4/mockito-core-2.23.4.jar:/Users/olav/.m2/repository/net/bytebuddy/byte-buddy-agent/1.9.10/byte-buddy-agent-1.9.10.jar:/Users/olav/.m2/repository/org/objenesis/objenesis/2.6/objenesis-2.6.jar:/Users/olav/.m2/repository/org/hamcrest/hamcrest-core/1.3/hamcrest-core-1.3.jar:/Users/olav/.m2/repository/org/hamcrest/hamcrest-library/1.3/hamcrest-library-1.3.jar:/Users/olav/.m2/repository/org/skyscreamer/jsonassert/1.5.0/jsonassert-1.5.0.jar:/Users/olav/.m2/repository/com/vaadin/external/google/android-json/0.0.20131108.vaadin1/android-json-0.0.20131108.vaadin1.jar:/Users/olav/.m2/repository/org/springframework/spring-core/5.1.5.RELEASE/spring-core-5.1.5.RELEASE.jar:/Users/olav/.m2/repository/org/springframework/spring-jcl/5.1.5.RELEASE/spring-jcl-5.1.5.RELEASE.jar:/Users/olav/.m2/repository/org/springframework/spring-test/5.1.5.RELEASE/spring-test-5.1.5.RELEASE.jar:/Users/olav/.m2/repository/org/xmlunit/xmlunit-core/2.6.2/xmlunit-core-2.6.2.jar:/Users/olav/.m2/repository/org/junit/jupiter/junit-jupiter-engine/5.3.2/junit-jupiter-engine-5.3.2.jar:/Users/olav/.m2/repository/org/apiguardian/apiguardian-api/1.0.0/apiguardian-api-1.0.0.jar:/Users/olav/.m2/repository/org/junit/platform/junit-platform-engine/1.3.2/junit-platform-engine-1.3.2.jar:/Users/olav/.m2/repository/org/junit/platform/junit-platform-commons/1.3.2/junit-platform-commons-1.3.2.jar:/Users/olav/.m2/repository/org/opentest4j/opentest4j/1.1.1/opentest4j-1.1.1.jar:/Users/olav/.m2/repository/org/junit/jupiter/junit-jupiter-api/5.3.2/junit-jupiter-api-5.3.2.jar:/Users/olav/.m2/repository/org/seleniumhq/selenium/selenium-java/3.141.59/selenium-java-3.141.59.jar:/Users/olav/.m2/repository/org/seleniumhq/selenium/selenium-edge-driver/3.14.0/selenium-edge-driver-3.14.0.jar:/Users/olav/.m2/repository/commons-codec/commons-codec/1.11/commons-codec-1.11.jar:/Users/olav/.m2/repository/commons-logging/commons-logging/1.2/commons-logging-1.2.jar:/Users/olav/.m2/repository/org/apache/httpcomponents/httpclient/4.5.7/httpclient-4.5.7.jar:/Users/olav/.m2/repository/org/apache/httpcomponents/httpcore/4.4.11/httpcore-4.4.11.jar:/Users/olav/.m2/repository/org/seleniumhq/selenium/selenium-firefox-driver/3.14.0/selenium-firefox-driver-3.14.0.jar:/Users/olav/.m2/repository/org/seleniumhq/selenium/selenium-ie-driver/3.14.0/selenium-ie-driver-3.14.0.jar:/Users/olav/.m2/repository/org/seleniumhq/selenium/selenium-opera-driver/3.14.0/selenium-opera-driver-3.14.0.jar:/Users/olav/.m2/repository/org/seleniumhq/selenium/selenium-safari-driver/3.14.0/selenium-safari-driver-3.14.0.jar:/Users/olav/.m2/repository/net/bytebuddy/byte-buddy/1.9.10/byte-buddy-1.9.10.jar:/Users/olav/.m2/repository/org/apache/commons/commons-exec/1.3/commons-exec-1.3.jar:/Users/olav/.m2/repository/com/google/guava/guava/25.0-jre/guava-25.0-jre.jar:/Users/olav/.m2/repository/com/google/code/findbugs/jsr305/1.3.9/jsr305-1.3.9.jar:/Users/olav/.m2/repository/org/checkerframework/checker-compat-qual/2.0.0/checker-compat-qual-2.0.0.jar:/Users/olav/.m2/repository/com/google/errorprone/error_prone_annotations/2.1.3/error_prone_annotations-2.1.3.jar:/Users/olav/.m2/repository/com/google/j2objc/j2objc-annotations/1.1/j2objc-annotations-1.1.jar:/Users/olav/.m2/repository/org/codehaus/mojo/animal-sniffer-annotations/1.14/animal-sniffer-annotations-1.14.jar:/Users/olav/.m2/repository/com/squareup/okhttp3/okhttp/3.11.0/okhttp-3.11.0.jar:/Users/olav/.m2/repository/com/squareup/okio/okio/1.14.0/okio-1.14.0.jar:/Users/olav/.m2/repository/org/seleniumhq/selenium/selenium-api/3.141.59/selenium-api-3.141.59.jar:/Users/olav/.m2/repository/org/seleniumhq/selenium/selenium-chrome-driver/3.141.59/selenium-chrome-driver-3.141.59.jar:/Users/olav/.m2/repository/org/seleniumhq/selenium/selenium-remote-driver/3.141.59/selenium-remote-driver-3.141.59.jar:/Users/olav/.m2/repository/org/seleniumhq/selenium/selenium-support/3.141.59/selenium-support-3.141.59.jar:/Users/olav/.m2/repository/org/testcontainers/testcontainers/1.10.1/testcontainers-1.10.1.jar:/Users/olav/.m2/repository/org/slf4j/slf4j-api/1.7.25/slf4j-api-1.7.25.jar:/Users/olav/.m2/repository/org/slf4j/slf4j-ext/1.7.25/slf4j-ext-1.7.25.jar:/Users/olav/.m2/repository/org/jetbrains/annotations/15.0/annotations-15.0.jar:/Users/olav/.m2/repository/javax/annotation/javax.annotation-api/1.3.2/javax.annotation-api-1.3.2.jar:/Users/olav/.m2/repository/org/apache/commons/commons-compress/1.18/commons-compress-1.18.jar:/Users/olav/.m2/repository/javax/xml/bind/jaxb-api/2.3.1/jaxb-api-2.3.1.jar:/Users/olav/.m2/repository/javax/activation/javax.activation-api/1.2.0/javax.activation-api-1.2.0.jar:/Users/olav/.m2/repository/org/rnorth/duct-tape/duct-tape/1.0.7/duct-tape-1.0.7.jar:/Users/olav/.m2/repository/org/rnorth/visible-assertions/visible-assertions/2.1.1/visible-assertions-2.1.1.jar:/Users/olav/.m2/repository/net/java/dev/jna/jna/4.5.2/jna-4.5.2.jar:/Users/olav/.m2/repository/org/rnorth/tcp-unix-socket-proxy/1.0.2/tcp-unix-socket-proxy-1.0.2.jar:/Users/olav/.m2/repository/com/kohlschutter/junixsocket/junixsocket-native-common/2.0.4/junixsocket-native-common-2.0.4.jar:/Users/olav/.m2/repository/org/scijava/native-lib-loader/2.0.2/native-lib-loader-2.0.2.jar:/Users/olav/.m2/repository/com/kohlschutter/junixsocket/junixsocket-common/2.0.4/junixsocket-common-2.0.4.jar:/Users/olav/.m2/repository/net/java/dev/jna/jna-platform/4.5.2/jna-platform-4.5.2.jar:/Users/olav/.m2/repository/org/testcontainers/selenium/1.10.1/selenium-1.10.1.jar:/Users/olav/.m2/repository/org/jacoco/org.jacoco.core/0.7.9/org.jacoco.core-0.7.9.jar:/Users/olav/.m2/repository/org/ow2/asm/asm-debug-all/5.2/asm-debug-all-5.2.jar:/Users/olav/.m2/repository/com/h2database/h2/1.4.197/h2-1.4.197.jar:"/>
    <property name="sun.cpu.endian" value="little"/>
    <property name="user.home" value="/Users/olav"/>
    <property name="user.language" value="en"/>
    <property name="java.specification.vendor" value="Oracle Corporation"/>
    <property name="java.home" value="/Library/Java/JavaVirtualMachines/jdk1.8.0_144.jdk/Contents/Home/jre"/>
    <property name="basedir" value="/Users/olav/Documents/skole/kristiania/4_semester/enterprise/mock/frontend"/>
    <property name="file.separator" value="/"/>
    <property name="line.separator" value="&#10;"/>
    <property name="java.vm.specification.vendor" value="Oracle Corporation"/>
    <property name="java.specification.name" value="Java Platform API Specification"/>
    <property name="java.awt.graphicsenv" value="sun.awt.CGraphicsEnvironment"/>
    <property name="surefire.real.class.path" value="/Users/olav/Documents/skole/kristiania/4_semester/enterprise/mock/frontend/target/surefire/surefirebooter3000968319098107896.jar:/Users/olav/.m2/repository/org/jacoco/org.jacoco.agent/0.7.9/org.jacoco.agent-0.7.9-runtime.jar"/>
    <property name="sun.boot.class.path" value="/Library/Java/JavaVirtualMachines/jdk1.8.0_144.jdk/Contents/Home/jre/lib/resources.jar:/Library/Java/JavaVirtualMachines/jdk1.8.0_144.jdk/Contents/Home/jre/lib/rt.jar:/Library/Java/JavaVirtualMachines/jdk1.8.0_144.jdk/Contents/Home/jre/lib/sunrsasign.jar:/Library/Java/JavaVirtualMachines/jdk1.8.0_144.jdk/Contents/Home/jre/lib/jsse.jar:/Library/Java/JavaVirtualMachines/jdk1.8.0_144.jdk/Contents/Home/jre/lib/jce.jar:/Library/Java/JavaVirtualMachines/jdk1.8.0_144.jdk/Contents/Home/jre/lib/charsets.jar:/Library/Java/JavaVirtualMachines/jdk1.8.0_144.jdk/Contents/Home/jre/lib/jfr.jar:/Library/Java/JavaVirtualMachines/jdk1.8.0_144.jdk/Contents/Home/jre/classes"/>
    <property name="sun.management.compiler" value="HotSpot 64-Bit Tiered Compilers"/>
    <property name="ftp.nonProxyHosts" value="local|*.local|169.254/16|*.169.254/16"/>
    <property name="java.runtime.version" value="1.8.0_144-b01"/>
    <property name="user.name" value="olav"/>
    <property name="path.separator" value=":"/>
    <property name="os.version" value="10.14.5"/>
    <property name="java.endorsed.dirs" value="/Library/Java/JavaVirtualMachines/jdk1.8.0_144.jdk/Contents/Home/jre/lib/endorsed"/>
    <property name="java.runtime.name" value="Java(TM) SE Runtime Environment"/>
    <property name="file.encoding" value="UTF-8"/>
    <property name="java.vm.name" value="Java HotSpot(TM) 64-Bit Server VM"/>
    <property name="localRepository" value="/Users/olav/.m2/repository"/>
    <property name="java.vendor.url.bug" value="http://bugreport.sun.com/bugreport/"/>
    <property name="java.io.tmpdir" value="/var/folders/g9/9zmg448s7l10njt8sqbspthr0000gn/T/"/>
    <property name="java.version" value="1.8.0_144"/>
    <property name="user.dir" value="/Users/olav/Documents/skole/kristiania/4_semester/enterprise/mock/frontend"/>
    <property name="os.arch" value="x86_64"/>
    <property name="java.vm.specification.name" value="Java Virtual Machine Specification"/>
    <property name="java.awt.printerjob" value="sun.lwawt.macosx.CPrinterJob"/>
    <property name="sun.os.patch.level" value="unknown"/>
    <property name="java.library.path" value="/Users/olav/Library/Java/Extensions:/Library/Java/Extensions:/Network/Library/Java/Extensions:/System/Library/Java/Extensions:/usr/lib/java:."/>
    <property name="java.vm.info" value="mixed mode"/>
    <property name="java.vendor" value="Oracle Corporation"/>
    <property name="java.vm.version" value="25.144-b01"/>
    <property name="java.ext.dirs" value="/Users/olav/Library/Java/Extensions:/Library/Java/JavaVirtualMachines/jdk1.8.0_144.jdk/Contents/Home/jre/lib/ext:/Library/Java/Extensions:/Network/Library/Java/Extensions:/System/Library/Java/Extensions:/usr/lib/java"/>
    <property name="sun.io.unicode.encoding" value="UnicodeBig"/>
    <property name="java.class.version" value="52.0"/>
    <property name="socksNonProxyHosts" value="local|*.local|169.254/16|*.169.254/16"/>
  </properties>
  <testcase name="kristiania.enterprise.exam.frontend.selenium.SeleniumDockerIT" classname="kristiania.enterprise.exam.frontend.selenium.SeleniumDockerIT" time="72.468">
    <error message="Container startup failed" type="org.testcontainers.containers.ContainerLaunchException">org.testcontainers.containers.ContainerLaunchException: Container startup failed
	at kristiania.enterprise.exam.frontend.selenium.SeleniumDockerIT.startDocker(SeleniumDockerIT.java:92)
Caused by: org.rnorth.ducttape.RetryCountExceededException: Retry limit hit with exception
	at kristiania.enterprise.exam.frontend.selenium.SeleniumDockerIT.startDocker(SeleniumDockerIT.java:92)
Caused by: org.testcontainers.containers.ContainerLaunchException: Could not create/start container
	at kristiania.enterprise.exam.frontend.selenium.SeleniumDockerIT.startDocker(SeleniumDockerIT.java:92)
Caused by: org.testcontainers.containers.ContainerLaunchException: Timed out waiting for URL to be accessible (http://localhost:32775/ should return HTTP 200)
	at kristiania.enterprise.exam.frontend.selenium.SeleniumDockerIT.startDocker(SeleniumDockerIT.java:92)
</error>
    <system-out><![CDATA[2019-05-01 11:40:43.507  INFO 18512 --- [           main] o.s.t.c.support.AbstractContextLoader    : Could not detect default resource locations for test class [kristiania.enterprise.exam.frontend.selenium.SeleniumDockerIT]: no resource found for suffixes {-context.xml, Context.groovy}.
2019-05-01 11:40:43.516  INFO 18512 --- [           main] .b.t.c.SpringBootTestContextBootstrapper : Loaded default TestExecutionListener class names from location [META-INF/spring.factories]: [org.springframework.boot.test.mock.mockito.MockitoTestExecutionListener, org.springframework.boot.test.mock.mockito.ResetMocksTestExecutionListener, org.springframework.boot.test.autoconfigure.restdocs.RestDocsTestExecutionListener, org.springframework.boot.test.autoconfigure.web.client.MockRestServiceServerResetTestExecutionListener, org.springframework.boot.test.autoconfigure.web.servlet.MockMvcPrintOnlyOnFailureTestExecutionListener, org.springframework.boot.test.autoconfigure.web.servlet.WebDriverTestExecutionListener, org.springframework.test.context.web.ServletTestExecutionListener, org.springframework.test.context.support.DirtiesContextBeforeModesTestExecutionListener, org.springframework.test.context.support.DependencyInjectionTestExecutionListener, org.springframework.test.context.support.DirtiesContextTestExecutionListener, org.springframework.test.context.transaction.TransactionalTestExecutionListener, org.springframework.test.context.jdbc.SqlScriptsTestExecutionListener]
2019-05-01 11:40:43.519  INFO 18512 --- [           main] .b.t.c.SpringBootTestContextBootstrapper : Using TestExecutionListeners: [org.springframework.test.context.web.ServletTestExecutionListener@743fc84, org.springframework.test.context.support.DirtiesContextBeforeModesTestExecutionListener@55447130, org.springframework.boot.test.mock.mockito.MockitoTestExecutionListener@1a6fec26, org.springframework.boot.test.autoconfigure.SpringBootDependencyInjectionTestExecutionListener@76d279b, org.springframework.test.context.support.DirtiesContextTestExecutionListener@1fd24c2e, org.springframework.test.context.transaction.TransactionalTestExecutionListener@69e96315, org.springframework.test.context.jdbc.SqlScriptsTestExecutionListener@c02bcd2, org.springframework.boot.test.mock.mockito.ResetMocksTestExecutionListener@62bd0336, org.springframework.boot.test.autoconfigure.restdocs.RestDocsTestExecutionListener@6f038073, org.springframework.boot.test.autoconfigure.web.client.MockRestServiceServerResetTestExecutionListener@4dd0b74d, org.springframework.boot.test.autoconfigure.web.servlet.MockMvcPrintOnlyOnFailureTestExecutionListener@54ad7609, org.springframework.boot.test.autoconfigure.web.servlet.WebDriverTestExecutionListener@5e837b19]
2019-05-01 11:40:43.602  INFO 18512 --- [           main] o.t.d.DockerClientProviderStrategy       : Loaded org.testcontainers.dockerclient.UnixSocketClientProviderStrategy from ~/.testcontainers.properties, will try it first
2019-05-01 11:40:43.647  INFO 18512 --- [           main] o.t.d.DockerClientProviderStrategy       : Will use 'okhttp' transport
2019-05-01 11:40:44.246  INFO 18512 --- [           main] o.t.d.UnixSocketClientProviderStrategy   : Accessing docker with local Unix socket
2019-05-01 11:40:44.246  INFO 18512 --- [           main] o.t.d.DockerClientProviderStrategy       : Found Docker environment with local Unix socket (unix:///var/run/docker.sock)
2019-05-01 11:40:44.248  INFO 18512 --- [           main] org.testcontainers.DockerClientFactory   : Docker host IP address is localhost
2019-05-01 11:40:44.453  INFO 18512 --- [           main] org.testcontainers.DockerClientFactory   : Connected to docker: 
  Server Version: 18.09.2
  API Version: 1.39
  Operating System: Docker for Mac
  Total Memory: 1999 MB
2019-05-01 11:40:44.678  INFO 18512 --- [           main] o.t.utility.RegistryAuthLocator          : Credentials not found for host (quay.io) when using credential helper/store (docker-credential-osxkeychain)
2019-05-01 11:40:45.505  INFO 18512 --- [           main] org.testcontainers.DockerClientFactory   : Ryuk started - will monitor and terminate Testcontainers containers on JVM exit
        &amp#27;[37m&amp#27;[1mℹ︎ Checking the system...&amp#27;[0m&amp#27;[0m
        &amp#27;[32m✔ Docker version should be at least 1.6.0&amp#27;[0m
        &amp#27;[32m✔ Docker environment should have more than 2GB free disk space&amp#27;[0m
2019-05-01 11:40:45.737  INFO 18512 --- [           main] org.openqa.selenium.Capabilities         : Using `new ChromeOptions()` is preferred to `DesiredCapabilities.chrome()`
2019-05-01 11:40:45.738  INFO 18512 --- [           main] 🐳 [postgres:10]                         : Creating container for image: postgres:10
2019-05-01 11:40:46.093  INFO 18512 --- [           main] 🐳 [postgres:10]                         : Starting container with ID: 4365354d5266a7b8f75b58337ef2cf3f9480c4543c6233fd2809310fbc9164eb
2019-05-01 11:40:46.723  INFO 18512 --- [           main] 🐳 [postgres:10]                         : Container postgres:10 is starting: 4365354d5266a7b8f75b58337ef2cf3f9480c4543c6233fd2809310fbc9164eb
2019-05-01 11:40:46.917  INFO 18512 --- [tream-637476931] POSTGRES                                 : STDOUT: The files belonging to this database system will be owned by user "postgres".
2019-05-01 11:40:46.917  INFO 18512 --- [tream-637476931] POSTGRES                                 : STDOUT: This user must also own the server process.
2019-05-01 11:40:46.917  INFO 18512 --- [tream-637476931] POSTGRES                                 : STDOUT: 
2019-05-01 11:40:46.917  INFO 18512 --- [tream-637476931] POSTGRES                                 : STDOUT: The database cluster will be initialized with locale "en_US.utf8".
2019-05-01 11:40:46.917  INFO 18512 --- [tream-637476931] POSTGRES                                 : STDOUT: The default database encoding has accordingly been set to "UTF8".
2019-05-01 11:40:46.918  INFO 18512 --- [tream-637476931] POSTGRES                                 : STDOUT: The default text search configuration will be set to "english".
2019-05-01 11:40:46.918  INFO 18512 --- [tream-637476931] POSTGRES                                 : STDOUT: 
2019-05-01 11:40:46.918  INFO 18512 --- [tream-637476931] POSTGRES                                 : STDOUT: Data page checksums are disabled.
2019-05-01 11:40:46.918  INFO 18512 --- [tream-637476931] POSTGRES                                 : STDOUT: 
2019-05-01 11:40:46.918  INFO 18512 --- [tream-637476931] POSTGRES                                 : STDOUT: fixing permissions on existing directory /var/lib/postgresql/data ... ok
2019-05-01 11:40:46.918  INFO 18512 --- [tream-637476931] POSTGRES                                 : STDOUT: creating subdirectories ... ok
2019-05-01 11:40:46.932  INFO 18512 --- [tream-637476931] POSTGRES                                 : STDOUT: selecting default max_connections ... 100
2019-05-01 11:40:46.948  INFO 18512 --- [tream-637476931] POSTGRES                                 : STDOUT: selecting default shared_buffers ... 128MB
2019-05-01 11:40:46.950  INFO 18512 --- [tream-637476931] POSTGRES                                 : STDOUT: selecting dynamic shared memory implementation ... posix
2019-05-01 11:40:47.422  INFO 18512 --- [tream-637476931] POSTGRES                                 : STDOUT: creating configuration files ... ok
2019-05-01 11:40:47.537  INFO 18512 --- [tream-637476931] POSTGRES                                 : STDOUT: running bootstrap script ... ok
2019-05-01 11:40:48.086  INFO 18512 --- [tream-637476931] POSTGRES                                 : STDOUT: performing post-bootstrap initialization ... ok
2019-05-01 11:40:48.372  INFO 18512 --- [tream-637476931] POSTGRES                                 : STDERR: 
2019-05-01 11:40:48.373  INFO 18512 --- [tream-637476931] POSTGRES                                 : STDERR: WARNING: enabling "trust" authentication for local connections
2019-05-01 11:40:48.373  INFO 18512 --- [tream-637476931] POSTGRES                                 : STDERR: You can change this by editing pg_hba.conf or using the option -A, or
2019-05-01 11:40:48.373  INFO 18512 --- [tream-637476931] POSTGRES                                 : STDERR: --auth-local and --auth-host, the next time you run initdb.
2019-05-01 11:40:48.373  INFO 18512 --- [tream-637476931] POSTGRES                                 : STDOUT: syncing data to disk ... ok
2019-05-01 11:40:48.380  INFO 18512 --- [tream-637476931] POSTGRES                                 : STDOUT: 
2019-05-01 11:40:48.381  INFO 18512 --- [tream-637476931] POSTGRES                                 : STDOUT: Success. You can now start the database server using:
2019-05-01 11:40:48.381  INFO 18512 --- [tream-637476931] POSTGRES                                 : STDOUT: 
2019-05-01 11:40:48.381  INFO 18512 --- [tream-637476931] POSTGRES                                 : STDOUT:     pg_ctl -D /var/lib/postgresql/data -l logfile start
2019-05-01 11:40:48.381  INFO 18512 --- [tream-637476931] POSTGRES                                 : STDOUT: 
2019-05-01 11:40:48.383  INFO 18512 --- [tream-637476931] POSTGRES                                 : STDERR: ****************************************************
2019-05-01 11:40:48.384  INFO 18512 --- [tream-637476931] POSTGRES                                 : STDERR: WARNING: No password has been set for the database.
2019-05-01 11:40:48.384  INFO 18512 --- [tream-637476931] POSTGRES                                 : STDERR:          This will allow anyone with access to the
2019-05-01 11:40:48.384  INFO 18512 --- [tream-637476931] POSTGRES                                 : STDERR:          Postgres port to access your database. In
2019-05-01 11:40:48.384  INFO 18512 --- [tream-637476931] POSTGRES                                 : STDERR:          Docker's default configuration, this is
2019-05-01 11:40:48.384  INFO 18512 --- [tream-637476931] POSTGRES                                 : STDERR:          effectively any other container on the same
2019-05-01 11:40:48.384  INFO 18512 --- [tream-637476931] POSTGRES                                 : STDERR:          system.
2019-05-01 11:40:48.384  INFO 18512 --- [tream-637476931] POSTGRES                                 : STDERR: 
2019-05-01 11:40:48.384  INFO 18512 --- [tream-637476931] POSTGRES                                 : STDERR:          Use "-e POSTGRES_PASSWORD=password" to set
2019-05-01 11:40:48.384  INFO 18512 --- [tream-637476931] POSTGRES                                 : STDERR:          it in "docker run".
2019-05-01 11:40:48.385  INFO 18512 --- [tream-637476931] POSTGRES                                 : STDERR: ****************************************************
2019-05-01 11:40:48.422  INFO 18512 --- [tream-637476931] POSTGRES                                 : STDOUT: waiting for server to start....2019-05-01 09:40:48.422 UTC [73] LOG:  listening on Unix socket "/var/run/postgresql/.s.PGSQL.5432"
2019-05-01 11:40:48.455  INFO 18512 --- [tream-637476931] POSTGRES                                 : STDOUT: 2019-05-01 09:40:48.450 UTC [74] LOG:  database system was shut down at 2019-05-01 09:40:48 UTC
2019-05-01 11:40:48.465  INFO 18512 --- [tream-637476931] POSTGRES                                 : STDOUT: 2019-05-01 09:40:48.461 UTC [73] LOG:  database system is ready to accept connections
2019-05-01 11:40:48.506  INFO 18512 --- [tream-637476931] POSTGRES                                 : STDOUT:  done
2019-05-01 11:40:48.506  INFO 18512 --- [tream-637476931] POSTGRES                                 : STDOUT: server started
2019-05-01 11:40:48.507  INFO 18512 --- [tream-637476931] POSTGRES                                 : STDOUT: 
2019-05-01 11:40:48.508  INFO 18512 --- [tream-637476931] POSTGRES                                 : STDOUT: /usr/local/bin/docker-entrypoint.sh: ignoring /docker-entrypoint-initdb.d/*
2019-05-01 11:40:48.508  INFO 18512 --- [tream-637476931] POSTGRES                                 : STDOUT: 
2019-05-01 11:40:48.508  INFO 18512 --- [tream-637476931] POSTGRES                                 : STDOUT: 2019-05-01 09:40:48.507 UTC [73] LOG:  received fast shutdown request
2019-05-01 11:40:48.516  INFO 18512 --- [tream-637476931] POSTGRES                                 : STDOUT: waiting for server to shut down....2019-05-01 09:40:48.512 UTC [73] LOG:  aborting any active transactions
2019-05-01 11:40:48.518  INFO 18512 --- [tream-637476931] POSTGRES                                 : STDOUT: 2019-05-01 09:40:48.515 UTC [73] LOG:  worker process: logical replication launcher (PID 80) exited with exit code 1
2019-05-01 11:40:48.521  INFO 18512 --- [tream-637476931] POSTGRES                                 : STDOUT: 2019-05-01 09:40:48.516 UTC [75] LOG:  shutting down
2019-05-01 11:40:48.533  INFO 18512 --- [tream-637476931] POSTGRES                                 : STDOUT: 2019-05-01 09:40:48.533 UTC [73] LOG:  database system is shut down
2019-05-01 11:40:48.614  INFO 18512 --- [tream-637476931] POSTGRES                                 : STDOUT:  done
2019-05-01 11:40:48.614  INFO 18512 --- [tream-637476931] POSTGRES                                 : STDOUT: server stopped
2019-05-01 11:40:48.614  INFO 18512 --- [tream-637476931] POSTGRES                                 : STDOUT: 
2019-05-01 11:40:48.614  INFO 18512 --- [tream-637476931] POSTGRES                                 : STDOUT: PostgreSQL init process complete; ready for start up.
2019-05-01 11:40:48.615  INFO 18512 --- [tream-637476931] POSTGRES                                 : STDOUT: 
2019-05-01 11:40:48.620  INFO 18512 --- [tream-637476931] POSTGRES                                 : STDERR: 2019-05-01 09:40:48.622 UTC [1] LOG:  listening on IPv4 address "0.0.0.0", port 5432
2019-05-01 11:40:48.620  INFO 18512 --- [tream-637476931] POSTGRES                                 : STDERR: 2019-05-01 09:40:48.622 UTC [1] LOG:  listening on IPv6 address "::", port 5432
2019-05-01 11:40:48.624  INFO 18512 --- [tream-637476931] POSTGRES                                 : STDERR: 2019-05-01 09:40:48.625 UTC [1] LOG:  listening on Unix socket "/var/run/postgresql/.s.PGSQL.5432"
2019-05-01 11:40:48.652  INFO 18512 --- [tream-637476931] POSTGRES                                 : STDERR: 2019-05-01 09:40:48.646 UTC [88] LOG:  database system was shut down at 2019-05-01 09:40:48 UTC
2019-05-01 11:40:48.668  INFO 18512 --- [tream-637476931] POSTGRES                                 : STDERR: 2019-05-01 09:40:48.659 UTC [1] LOG:  database system is ready to accept connections
2019-05-01 11:40:48.750  INFO 18512 --- [tream-637476931] POSTGRES                                 : STDERR: 2019-05-01 09:40:48.748 UTC [100] LOG:  incomplete startup packet
2019-05-01 11:40:48.784  INFO 18512 --- [           main] 🐳 [postgres:10]                         : Container postgres:10 started
2019-05-01 11:40:48.795  INFO 18512 --- [tream-637476931] POSTGRES                                 : STDERR: 2019-05-01 09:40:48.796 UTC [101] LOG:  incomplete startup packet
2019-05-01 11:40:54.421  INFO 18512 --- [           main] 🐳 [frontend]                            : Creating container for image: frontend
2019-05-01 11:40:54.577  INFO 18512 --- [           main] 🐳 [frontend]                            : Starting container with ID: 604653b311343c554aa6b4ad4bac9762d0cc50cf19e323db097e35da0952332a
2019-05-01 11:40:55.264  INFO 18512 --- [           main] 🐳 [frontend]                            : Container frontend is starting: 604653b311343c554aa6b4ad4bac9762d0cc50cf19e323db097e35da0952332a
2019-05-01 11:40:55.281  INFO 18512 --- [           main] o.t.c.wait.strategy.HttpWaitStrategy     : /pensive_edison: Waiting for 60 seconds for URL: http://localhost:32775/
2019-05-01 11:40:57.135  INFO 18512 --- [ream-1086981353] FRONTEND                                 : STDOUT: 
2019-05-01 11:40:57.142  INFO 18512 --- [ream-1086981353] FRONTEND                                 : STDOUT:   .   ____          _            __ _ _
2019-05-01 11:40:57.146  INFO 18512 --- [ream-1086981353] FRONTEND                                 : STDOUT:  /\\ / ___'_ __ _ _(_)_ __  __ _ \ \ \ \
2019-05-01 11:40:57.146  INFO 18512 --- [ream-1086981353] FRONTEND                                 : STDOUT: ( ( )\___ | '_ | '_| | '_ \/ _` | \ \ \ \
2019-05-01 11:40:57.148  INFO 18512 --- [ream-1086981353] FRONTEND                                 : STDOUT:  \\/  ___)| |_)| | | | | || (_| |  ) ) ) )
2019-05-01 11:40:57.148  INFO 18512 --- [ream-1086981353] FRONTEND                                 : STDOUT:   '  |____| .__|_| |_|_| |_\__, | / / / /
2019-05-01 11:40:57.149  INFO 18512 --- [ream-1086981353] FRONTEND                                 : STDOUT:  =========|_|==============|___/=/_/_/_/
2019-05-01 11:40:57.152  INFO 18512 --- [ream-1086981353] FRONTEND                                 : STDOUT:  :: Spring Boot ::        (v2.1.3.RELEASE)
2019-05-01 11:40:57.152  INFO 18512 --- [ream-1086981353] FRONTEND                                 : STDOUT: 
2019-05-01 11:40:57.420  INFO 18512 --- [ream-1086981353] FRONTEND                                 : STDOUT: 2019-05-01 09:40:57.425  INFO 1 --- [           main] kristiania.enterprise.exam.Application   : Starting Application on 604653b31134 with PID 1 (/frontend-exec.jar started by root in /)
2019-05-01 11:40:57.427  INFO 18512 --- [ream-1086981353] FRONTEND                                 : STDOUT: 2019-05-01 09:40:57.439  INFO 1 --- [           main] kristiania.enterprise.exam.Application   : No active profile set, falling back to default profiles: default
2019-05-01 11:40:59.453  INFO 18512 --- [ream-1086981353] FRONTEND                                 : STDOUT: 2019-05-01 09:40:59.464  INFO 1 --- [           main] .s.d.r.c.RepositoryConfigurationDelegate : Bootstrapping Spring Data repositories in DEFAULT mode.
2019-05-01 11:40:59.584  INFO 18512 --- [ream-1086981353] FRONTEND                                 : STDOUT: 2019-05-01 09:40:59.598  INFO 1 --- [           main] .s.d.r.c.RepositoryConfigurationDelegate : Finished Spring Data repository scanning in 116ms. Found 1 repository interfaces.
2019-05-01 11:41:00.587  INFO 18512 --- [ream-1086981353] FRONTEND                                 : STDOUT: 2019-05-01 09:41:00.602  INFO 1 --- [           main] trationDelegate$BeanPostProcessorChecker : Bean 'org.springframework.transaction.annotation.ProxyTransactionManagementConfiguration' of type [org.springframework.transaction.annotation.ProxyTransactionManagementConfiguration$$EnhancerBySpringCGLIB$$908b4bd9] is not eligible for getting processed by all BeanPostProcessors (for example: not eligible for auto-proxying)
2019-05-01 11:41:00.647  INFO 18512 --- [ream-1086981353] FRONTEND                                 : STDOUT: 2019-05-01 09:41:00.662  INFO 1 --- [           main] trationDelegate$BeanPostProcessorChecker : Bean 'org.joinfaces.autoconfigure.javaxfaces.JsfBeansAutoConfiguration$Jsf2_3AutoConfiguration' of type [org.joinfaces.autoconfigure.javaxfaces.JsfBeansAutoConfiguration$Jsf2_3AutoConfiguration$$EnhancerBySpringCGLIB$$a0a6958e] is not eligible for getting processed by all BeanPostProcessors (for example: not eligible for auto-proxying)
2019-05-01 11:41:00.655  INFO 18512 --- [ream-1086981353] FRONTEND                                 : STDOUT: 2019-05-01 09:41:00.670  INFO 1 --- [           main] trationDelegate$BeanPostProcessorChecker : Bean 'org.joinfaces.autoconfigure.javaxfaces.JsfBeansAutoConfiguration' of type [org.joinfaces.autoconfigure.javaxfaces.JsfBeansAutoConfiguration$$EnhancerBySpringCGLIB$$54d51a94] is not eligible for getting processed by all BeanPostProcessors (for example: not eligible for auto-proxying)
2019-05-01 11:41:01.531  INFO 18512 --- [ream-1086981353] FRONTEND                                 : STDOUT: 2019-05-01 09:41:01.547  INFO 1 --- [           main] o.s.b.w.embedded.tomcat.TomcatWebServer  : Tomcat initialized with port(s): 8080 (http)
2019-05-01 11:41:01.599  INFO 18512 --- [ream-1086981353] FRONTEND                                 : STDOUT: 2019-05-01 09:41:01.615  INFO 1 --- [           main] o.apache.catalina.core.StandardService   : Starting service [Tomcat]
2019-05-01 11:41:01.600  INFO 18512 --- [ream-1086981353] FRONTEND                                 : STDOUT: 2019-05-01 09:41:01.616  INFO 1 --- [           main] org.apache.catalina.core.StandardEngine  : Starting Servlet engine: [Apache Tomcat/9.0.16]
2019-05-01 11:41:01.625  INFO 18512 --- [ream-1086981353] FRONTEND                                 : STDOUT: 2019-05-01 09:41:01.642  INFO 1 --- [           main] o.a.catalina.core.AprLifecycleListener   : The APR based Apache Tomcat Native library which allows optimal performance in production environments was not found on the java.library.path: [/usr/lib/jvm/java-1.8-openjdk/jre/lib/amd64/server:/usr/lib/jvm/java-1.8-openjdk/jre/lib/amd64:/usr/lib/jvm/java-1.8-openjdk/jre/../lib/amd64:/usr/java/packages/lib/amd64:/usr/lib64:/lib64:/lib:/usr/lib]
2019-05-01 11:41:02.216  INFO 18512 --- [ream-1086981353] FRONTEND                                 : STDOUT: 2019-05-01 09:41:02.233  INFO 1 --- [           main] org.apache.jasper.servlet.TldScanner     : At least one JAR was scanned for TLDs yet contained no TLDs. Enable debug logging for this logger for a complete list of JARs that were scanned but no TLDs were found in them. Skipping unneeded JARs during scanning can improve startup time and JSP compilation time.
2019-05-01 11:41:02.513  INFO 18512 --- [ream-1086981353] FRONTEND                                 : STDOUT: 2019-05-01 09:41:02.530  INFO 1 --- [           main] o.a.c.c.C.[Tomcat].[localhost].[/]       : Initializing Spring embedded WebApplicationContext
2019-05-01 11:41:02.513  INFO 18512 --- [ream-1086981353] FRONTEND                                 : STDOUT: 2019-05-01 09:41:02.530  INFO 1 --- [           main] o.s.web.context.ContextLoader            : Root WebApplicationContext: initialization completed in 4926 ms
2019-05-01 11:41:03.112  INFO 18512 --- [ream-1086981353] FRONTEND                                 : STDOUT: 2019-05-01 09:41:03.130  INFO 1 --- [           main] org.reflections.Reflections              : Reflections took 333 ms to scan 4 urls, producing 543 keys and 2333 values 
2019-05-01 11:41:03.497  INFO 18512 --- [ream-1086981353] FRONTEND                                 : STDOUT: 2019-05-01 09:41:03.516  INFO 1 --- [           main] j.e.resource.webcontainer.jsf.config     : Initializing Mojarra 2.3.5 ( 20180516-1910 bf35b0f6c540c69e80e6da962a2b62756838ac41) for context ''
2019-05-01 11:41:03.912  INFO 18512 --- [ream-1086981353] FRONTEND                                 : STDOUT: 2019-05-01 09:41:03.931  INFO 1 --- [           main] j.e.r.webcontainer.jsf.application       : JSF1048: PostConstruct/PreDestroy annotations present.  ManagedBeans methods marked with these annotations will have said annotations processed.
2019-05-01 11:41:04.913  INFO 18512 --- [ream-1086981353] FRONTEND                                 : STDOUT: 2019-05-01 09:41:04.933  INFO 1 --- [           main] o.omnifaces.VersionLoggerEventListener   : Using OmniFaces version 1.14.1
2019-05-01 11:41:05.161  INFO 18512 --- [ream-1086981353] FRONTEND                                 : STDOUT: 2019-05-01 09:41:05.181  INFO 1 --- [           main] o.f.c.internal.license.VersionPrinter    : Flyway Community Edition 5.2.1 by Boxfuse
2019-05-01 11:41:05.178  INFO 18512 --- [ream-1086981353] FRONTEND                                 : STDOUT: 2019-05-01 09:41:05.198  INFO 1 --- [           main] com.zaxxer.hikari.HikariDataSource       : HikariPool-1 - Starting...
2019-05-01 11:41:05.346  INFO 18512 --- [ream-1086981353] FRONTEND                                 : STDOUT: 2019-05-01 09:41:05.366  INFO 1 --- [           main] com.zaxxer.hikari.pool.PoolBase          : HikariPool-1 - Driver does not support get/set network timeout for connections. (Method org.postgresql.jdbc.PgConnection.getNetworkTimeout() is not yet implemented.)
2019-05-01 11:41:05.395  INFO 18512 --- [ream-1086981353] FRONTEND                                 : STDOUT: 2019-05-01 09:41:05.416  INFO 1 --- [           main] com.zaxxer.hikari.HikariDataSource       : HikariPool-1 - Start completed.
2019-05-01 11:41:05.411  INFO 18512 --- [ream-1086981353] FRONTEND                                 : STDOUT: 2019-05-01 09:41:05.432  INFO 1 --- [           main] o.f.c.internal.database.DatabaseFactory  : Database: jdbc:postgresql://postgresql-host:5432/postgres (PostgreSQL 10.7)
2019-05-01 11:41:05.549  INFO 18512 --- [ream-1086981353] FRONTEND                                 : STDOUT: 2019-05-01 09:41:05.570  INFO 1 --- [           main] o.f.core.internal.command.DbValidate     : Successfully validated 1 migration (execution time 00:00.052s)
2019-05-01 11:41:05.576  INFO 18512 --- [ream-1086981353] FRONTEND                                 : STDOUT: 2019-05-01 09:41:05.596  INFO 1 --- [           main] o.f.c.i.s.JdbcTableSchemaHistory         : Creating Schema History table: "public"."flyway_schema_history"
2019-05-01 11:41:05.612  INFO 18512 --- [ream-1086981353] FRONTEND                                 : STDOUT: 2019-05-01 09:41:05.633  INFO 1 --- [           main] o.f.core.internal.command.DbMigrate      : Current version of schema "public": << Empty Schema >>
2019-05-01 11:41:05.614  INFO 18512 --- [ream-1086981353] FRONTEND                                 : STDOUT: 2019-05-01 09:41:05.635  INFO 1 --- [           main] o.f.core.internal.command.DbMigrate      : Migrating schema "public" to version 1.0 - createSql
2019-05-01 11:41:05.617  INFO 18512 --- [tream-637476931] POSTGRES                                 : STDERR: 2019-05-01 09:41:05.638 UTC [102] ERROR:  syntax error at or near "if" at character 27
2019-05-01 11:41:05.617  INFO 18512 --- [tream-637476931] POSTGRES                                 : STDERR: 2019-05-01 09:41:05.638 UTC [102] STATEMENT:  drop table booking_entity if exists
2019-05-01 11:41:05.628  INFO 18512 --- [ream-1086981353] FRONTEND                                 : STDOUT: 2019-05-01 09:41:05.650 ERROR 1 --- [           main] o.f.core.internal.command.DbMigrate      : Migration of schema "public" to version 1.0 - createSql failed! Changes successfully rolled back.
2019-05-01 11:41:05.633  INFO 18512 --- [ream-1086981353] FRONTEND                                 : STDOUT: 2019-05-01 09:41:05.654  WARN 1 --- [           main] ConfigServletWebServerApplicationContext : Exception encountered during context initialization - cancelling refresh attempt: org.springframework.beans.factory.BeanCreationException: Error creating bean with name 'flywayInitializer' defined in class path resource [org/springframework/boot/autoconfigure/flyway/FlywayAutoConfiguration$FlywayConfiguration.class]: Invocation of init method failed; nested exception is org.flywaydb.core.internal.command.DbMigrate$FlywayMigrateException: 
2019-05-01 11:41:05.633  INFO 18512 --- [ream-1086981353] FRONTEND                                 : STDOUT: Migration V1.0__createSql.sql failed
2019-05-01 11:41:05.633  INFO 18512 --- [ream-1086981353] FRONTEND                                 : STDOUT: ------------------------------------
2019-05-01 11:41:05.633  INFO 18512 --- [ream-1086981353] FRONTEND                                 : STDOUT: SQL State  : 42601
2019-05-01 11:41:05.633  INFO 18512 --- [ream-1086981353] FRONTEND                                 : STDOUT: Error Code : 0
2019-05-01 11:41:05.634  INFO 18512 --- [ream-1086981353] FRONTEND                                 : STDOUT: Message    : ERROR: syntax error at or near "if"
2019-05-01 11:41:05.634  INFO 18512 --- [ream-1086981353] FRONTEND                                 : STDOUT:   Position: 27
2019-05-01 11:41:05.634  INFO 18512 --- [ream-1086981353] FRONTEND                                 : STDOUT: Location   : db/migration/V1.0__createSql.sql (/file:/frontend-exec.jar!/BOOT-INF/lib/backend-1.0-SNAPSHOT.jar!/db/migration/V1.0__createSql.sql)
2019-05-01 11:41:05.634  INFO 18512 --- [ream-1086981353] FRONTEND                                 : STDOUT: Line       : 1
2019-05-01 11:41:05.634  INFO 18512 --- [ream-1086981353] FRONTEND                                 : STDOUT: Statement  : drop table booking_entity if exists
2019-05-01 11:41:05.634  INFO 18512 --- [ream-1086981353] FRONTEND                                 : STDOUT: 
2019-05-01 11:41:05.635  INFO 18512 --- [ream-1086981353] FRONTEND                                 : STDOUT: 2019-05-01 09:41:05.655  INFO 1 --- [           main] com.zaxxer.hikari.HikariDataSource       : HikariPool-1 - Shutdown initiated...
2019-05-01 11:41:05.676  INFO 18512 --- [ream-1086981353] FRONTEND                                 : STDOUT: 2019-05-01 09:41:05.697  INFO 1 --- [           main] com.zaxxer.hikari.HikariDataSource       : HikariPool-1 - Shutdown completed.
2019-05-01 11:41:05.682  INFO 18512 --- [ream-1086981353] FRONTEND                                 : STDOUT: 2019-05-01 09:41:05.703  INFO 1 --- [           main] o.apache.catalina.core.StandardService   : Stopping service [Tomcat]
2019-05-01 11:41:05.706  INFO 18512 --- [ream-1086981353] FRONTEND                                 : STDOUT: 2019-05-01 09:41:05.727  INFO 1 --- [           main] ConditionEvaluationReportLoggingListener : 
2019-05-01 11:41:05.706  INFO 18512 --- [ream-1086981353] FRONTEND                                 : STDOUT: 
2019-05-01 11:41:05.706  INFO 18512 --- [ream-1086981353] FRONTEND                                 : STDOUT: Error starting ApplicationContext. To display the conditions report re-run your application with 'debug' enabled.
2019-05-01 11:41:05.718  INFO 18512 --- [ream-1086981353] FRONTEND                                 : STDOUT: 2019-05-01 09:41:05.739 ERROR 1 --- [           main] o.s.boot.SpringApplication               : Application run failed
2019-05-01 11:41:05.718  INFO 18512 --- [ream-1086981353] FRONTEND                                 : STDOUT: 
2019-05-01 11:41:05.719  INFO 18512 --- [ream-1086981353] FRONTEND                                 : STDOUT: org.springframework.beans.factory.BeanCreationException: Error creating bean with name 'flywayInitializer' defined in class path resource [org/springframework/boot/autoconfigure/flyway/FlywayAutoConfiguration$FlywayConfiguration.class]: Invocation of init method failed; nested exception is org.flywaydb.core.internal.command.DbMigrate$FlywayMigrateException: 
2019-05-01 11:41:05.719  INFO 18512 --- [ream-1086981353] FRONTEND                                 : STDOUT: Migration V1.0__createSql.sql failed
2019-05-01 11:41:05.719  INFO 18512 --- [ream-1086981353] FRONTEND                                 : STDOUT: ------------------------------------
2019-05-01 11:41:05.720  INFO 18512 --- [ream-1086981353] FRONTEND                                 : STDOUT: SQL State  : 42601
2019-05-01 11:41:05.720  INFO 18512 --- [ream-1086981353] FRONTEND                                 : STDOUT: Error Code : 0
2019-05-01 11:41:05.721  INFO 18512 --- [ream-1086981353] FRONTEND                                 : STDOUT: Message    : ERROR: syntax error at or near "if"
2019-05-01 11:41:05.721  INFO 18512 --- [ream-1086981353] FRONTEND                                 : STDOUT:   Position: 27
2019-05-01 11:41:05.721  INFO 18512 --- [ream-1086981353] FRONTEND                                 : STDOUT: Location   : db/migration/V1.0__createSql.sql (/file:/frontend-exec.jar!/BOOT-INF/lib/backend-1.0-SNAPSHOT.jar!/db/migration/V1.0__createSql.sql)
2019-05-01 11:41:05.723  INFO 18512 --- [ream-1086981353] FRONTEND                                 : STDOUT: Line       : 1
2019-05-01 11:41:05.723  INFO 18512 --- [ream-1086981353] FRONTEND                                 : STDOUT: Statement  : drop table booking_entity if exists
2019-05-01 11:41:05.723  INFO 18512 --- [ream-1086981353] FRONTEND                                 : STDOUT: 
2019-05-01 11:41:05.723  INFO 18512 --- [ream-1086981353] FRONTEND                                 : STDOUT: 	at org.springframework.beans.factory.support.AbstractAutowireCapableBeanFactory.initializeBean(AbstractAutowireCapableBeanFactory.java:1762) ~[spring-beans-5.1.5.RELEASE.jar!/:5.1.5.RELEASE]
2019-05-01 11:41:05.723  INFO 18512 --- [ream-1086981353] FRONTEND                                 : STDOUT: 	at org.springframework.beans.factory.support.AbstractAutowireCapableBeanFactory.doCreateBean(AbstractAutowireCapableBeanFactory.java:593) ~[spring-beans-5.1.5.RELEASE.jar!/:5.1.5.RELEASE]
2019-05-01 11:41:05.723  INFO 18512 --- [ream-1086981353] FRONTEND                                 : STDOUT: 	at org.springframework.beans.factory.support.AbstractAutowireCapableBeanFactory.createBean(AbstractAutowireCapableBeanFactory.java:515) ~[spring-beans-5.1.5.RELEASE.jar!/:5.1.5.RELEASE]
2019-05-01 11:41:05.723  INFO 18512 --- [ream-1086981353] FRONTEND                                 : STDOUT: 	at org.springframework.beans.factory.support.AbstractBeanFactory.lambda$doGetBean$0(AbstractBeanFactory.java:320) ~[spring-beans-5.1.5.RELEASE.jar!/:5.1.5.RELEASE]
2019-05-01 11:41:05.723  INFO 18512 --- [ream-1086981353] FRONTEND                                 : STDOUT: 	at org.springframework.beans.factory.support.DefaultSingletonBeanRegistry.getSingleton(DefaultSingletonBeanRegistry.java:222) ~[spring-beans-5.1.5.RELEASE.jar!/:5.1.5.RELEASE]
2019-05-01 11:41:05.724  INFO 18512 --- [ream-1086981353] FRONTEND                                 : STDOUT: 	at org.springframework.beans.factory.support.AbstractBeanFactory.doGetBean(AbstractBeanFactory.java:318) ~[spring-beans-5.1.5.RELEASE.jar!/:5.1.5.RELEASE]
2019-05-01 11:41:05.724  INFO 18512 --- [ream-1086981353] FRONTEND                                 : STDOUT: 	at org.springframework.beans.factory.support.AbstractBeanFactory.getBean(AbstractBeanFactory.java:199) ~[spring-beans-5.1.5.RELEASE.jar!/:5.1.5.RELEASE]
2019-05-01 11:41:05.724  INFO 18512 --- [ream-1086981353] FRONTEND                                 : STDOUT: 	at org.springframework.beans.factory.support.AbstractBeanFactory.doGetBean(AbstractBeanFactory.java:307) ~[spring-beans-5.1.5.RELEASE.jar!/:5.1.5.RELEASE]
2019-05-01 11:41:05.724  INFO 18512 --- [ream-1086981353] FRONTEND                                 : STDOUT: 	at org.springframework.beans.factory.support.AbstractBeanFactory.getBean(AbstractBeanFactory.java:199) ~[spring-beans-5.1.5.RELEASE.jar!/:5.1.5.RELEASE]
2019-05-01 11:41:05.724  INFO 18512 --- [ream-1086981353] FRONTEND                                 : STDOUT: 	at org.springframework.context.support.AbstractApplicationContext.getBean(AbstractApplicationContext.java:1105) ~[spring-context-5.1.5.RELEASE.jar!/:5.1.5.RELEASE]
2019-05-01 11:41:05.724  INFO 18512 --- [ream-1086981353] FRONTEND                                 : STDOUT: 	at org.springframework.context.support.AbstractApplicationContext.finishBeanFactoryInitialization(AbstractApplicationContext.java:867) ~[spring-context-5.1.5.RELEASE.jar!/:5.1.5.RELEASE]
2019-05-01 11:41:05.724  INFO 18512 --- [ream-1086981353] FRONTEND                                 : STDOUT: 	at org.springframework.context.support.AbstractApplicationContext.refresh(AbstractApplicationContext.java:549) ~[spring-context-5.1.5.RELEASE.jar!/:5.1.5.RELEASE]
2019-05-01 11:41:05.724  INFO 18512 --- [ream-1086981353] FRONTEND                                 : STDOUT: 	at org.springframework.boot.web.servlet.context.ServletWebServerApplicationContext.refresh(ServletWebServerApplicationContext.java:142) ~[spring-boot-2.1.3.RELEASE.jar!/:2.1.3.RELEASE]
2019-05-01 11:41:05.724  INFO 18512 --- [ream-1086981353] FRONTEND                                 : STDOUT: 	at org.springframework.boot.SpringApplication.refresh(SpringApplication.java:775) [spring-boot-2.1.3.RELEASE.jar!/:2.1.3.RELEASE]
2019-05-01 11:41:05.729  INFO 18512 --- [ream-1086981353] FRONTEND                                 : STDOUT: 	at org.springframework.boot.SpringApplication.refreshContext(SpringApplication.java:397) [spring-boot-2.1.3.RELEASE.jar!/:2.1.3.RELEASE]
2019-05-01 11:41:05.729  INFO 18512 --- [ream-1086981353] FRONTEND                                 : STDOUT: 	at org.springframework.boot.SpringApplication.run(SpringApplication.java:316) [spring-boot-2.1.3.RELEASE.jar!/:2.1.3.RELEASE]
2019-05-01 11:41:05.729  INFO 18512 --- [ream-1086981353] FRONTEND                                 : STDOUT: 	at org.springframework.boot.SpringApplication.run(SpringApplication.java:1260) [spring-boot-2.1.3.RELEASE.jar!/:2.1.3.RELEASE]
2019-05-01 11:41:05.729  INFO 18512 --- [ream-1086981353] FRONTEND                                 : STDOUT: 	at org.springframework.boot.SpringApplication.run(SpringApplication.java:1248) [spring-boot-2.1.3.RELEASE.jar!/:2.1.3.RELEASE]
2019-05-01 11:41:05.729  INFO 18512 --- [ream-1086981353] FRONTEND                                 : STDOUT: 	at kristiania.enterprise.exam.Application.main(Application.java:11) [classes!/:na]
2019-05-01 11:41:05.729  INFO 18512 --- [ream-1086981353] FRONTEND                                 : STDOUT: 	at sun.reflect.NativeMethodAccessorImpl.invoke0(Native Method) ~[na:1.8.0_191]
2019-05-01 11:41:05.730  INFO 18512 --- [ream-1086981353] FRONTEND                                 : STDOUT: 	at sun.reflect.NativeMethodAccessorImpl.invoke(NativeMethodAccessorImpl.java:62) ~[na:1.8.0_191]
2019-05-01 11:41:05.730  INFO 18512 --- [ream-1086981353] FRONTEND                                 : STDOUT: 	at sun.reflect.DelegatingMethodAccessorImpl.invoke(DelegatingMethodAccessorImpl.java:43) ~[na:1.8.0_191]
2019-05-01 11:41:05.730  INFO 18512 --- [ream-1086981353] FRONTEND                                 : STDOUT: 	at java.lang.reflect.Method.invoke(Method.java:498) ~[na:1.8.0_191]
2019-05-01 11:41:05.730  INFO 18512 --- [ream-1086981353] FRONTEND                                 : STDOUT: 	at org.springframework.boot.loader.MainMethodRunner.run(MainMethodRunner.java:48) [frontend-exec.jar:na]
2019-05-01 11:41:05.730  INFO 18512 --- [ream-1086981353] FRONTEND                                 : STDOUT: 	at org.springframework.boot.loader.Launcher.launch(Launcher.java:87) [frontend-exec.jar:na]
2019-05-01 11:41:05.730  INFO 18512 --- [ream-1086981353] FRONTEND                                 : STDOUT: 	at org.springframework.boot.loader.Launcher.launch(Launcher.java:50) [frontend-exec.jar:na]
2019-05-01 11:41:05.730  INFO 18512 --- [ream-1086981353] FRONTEND                                 : STDOUT: 	at org.springframework.boot.loader.JarLauncher.main(JarLauncher.java:51) [frontend-exec.jar:na]
2019-05-01 11:41:05.730  INFO 18512 --- [ream-1086981353] FRONTEND                                 : STDOUT: Caused by: org.flywaydb.core.internal.command.DbMigrate$FlywayMigrateException: 
2019-05-01 11:41:05.730  INFO 18512 --- [ream-1086981353] FRONTEND                                 : STDOUT: Migration V1.0__createSql.sql failed
2019-05-01 11:41:05.730  INFO 18512 --- [ream-1086981353] FRONTEND                                 : STDOUT: ------------------------------------
2019-05-01 11:41:05.730  INFO 18512 --- [ream-1086981353] FRONTEND                                 : STDOUT: SQL State  : 42601
2019-05-01 11:41:05.730  INFO 18512 --- [ream-1086981353] FRONTEND                                 : STDOUT: Error Code : 0
2019-05-01 11:41:05.731  INFO 18512 --- [ream-1086981353] FRONTEND                                 : STDOUT: Message    : ERROR: syntax error at or near "if"
2019-05-01 11:41:05.731  INFO 18512 --- [ream-1086981353] FRONTEND                                 : STDOUT:   Position: 27
2019-05-01 11:41:05.731  INFO 18512 --- [ream-1086981353] FRONTEND                                 : STDOUT: Location   : db/migration/V1.0__createSql.sql (/file:/frontend-exec.jar!/BOOT-INF/lib/backend-1.0-SNAPSHOT.jar!/db/migration/V1.0__createSql.sql)
2019-05-01 11:41:05.731  INFO 18512 --- [ream-1086981353] FRONTEND                                 : STDOUT: Line       : 1
2019-05-01 11:41:05.731  INFO 18512 --- [ream-1086981353] FRONTEND                                 : STDOUT: Statement  : drop table booking_entity if exists
2019-05-01 11:41:05.731  INFO 18512 --- [ream-1086981353] FRONTEND                                 : STDOUT: 
2019-05-01 11:41:05.731  INFO 18512 --- [ream-1086981353] FRONTEND                                 : STDOUT: 	at org.flywaydb.core.internal.command.DbMigrate.doMigrateGroup(DbMigrate.java:370) ~[flyway-core-5.2.1.jar!/:na]
2019-05-01 11:41:05.731  INFO 18512 --- [ream-1086981353] FRONTEND                                 : STDOUT: 	at org.flywaydb.core.internal.command.DbMigrate.access$200(DbMigrate.java:54) ~[flyway-core-5.2.1.jar!/:na]
2019-05-01 11:41:05.731  INFO 18512 --- [ream-1086981353] FRONTEND                                 : STDOUT: 	at org.flywaydb.core.internal.command.DbMigrate$3.call(DbMigrate.java:284) ~[flyway-core-5.2.1.jar!/:na]
2019-05-01 11:41:05.731  INFO 18512 --- [ream-1086981353] FRONTEND                                 : STDOUT: 	at org.flywaydb.core.internal.jdbc.TransactionTemplate.execute(TransactionTemplate.java:74) ~[flyway-core-5.2.1.jar!/:na]
2019-05-01 11:41:05.731  INFO 18512 --- [ream-1086981353] FRONTEND                                 : STDOUT: 	at org.flywaydb.core.internal.command.DbMigrate.applyMigrations(DbMigrate.java:281) ~[flyway-core-5.2.1.jar!/:na]
2019-05-01 11:41:05.732  INFO 18512 --- [ream-1086981353] FRONTEND                                 : STDOUT: 	at org.flywaydb.core.internal.command.DbMigrate.migrateGroup(DbMigrate.java:246) ~[flyway-core-5.2.1.jar!/:na]
2019-05-01 11:41:05.732  INFO 18512 --- [ream-1086981353] FRONTEND                                 : STDOUT: 	at org.flywaydb.core.internal.command.DbMigrate.access$100(DbMigrate.java:54) ~[flyway-core-5.2.1.jar!/:na]
2019-05-01 11:41:05.732  INFO 18512 --- [ream-1086981353] FRONTEND                                 : STDOUT: 	at org.flywaydb.core.internal.command.DbMigrate$2.call(DbMigrate.java:164) ~[flyway-core-5.2.1.jar!/:na]
2019-05-01 11:41:05.732  INFO 18512 --- [ream-1086981353] FRONTEND                                 : STDOUT: 	at org.flywaydb.core.internal.command.DbMigrate$2.call(DbMigrate.java:161) ~[flyway-core-5.2.1.jar!/:na]
2019-05-01 11:41:05.732  INFO 18512 --- [ream-1086981353] FRONTEND                                 : STDOUT: 	at org.flywaydb.core.internal.database.postgresql.PostgreSQLAdvisoryLockTemplate.execute(PostgreSQLAdvisoryLockTemplate.java:71) ~[flyway-core-5.2.1.jar!/:na]
2019-05-01 11:41:05.732  INFO 18512 --- [ream-1086981353] FRONTEND                                 : STDOUT: 	at org.flywaydb.core.internal.database.postgresql.PostgreSQLConnection.lock(PostgreSQLConnection.java:104) ~[flyway-core-5.2.1.jar!/:na]
2019-05-01 11:41:05.732  INFO 18512 --- [ream-1086981353] FRONTEND                                 : STDOUT: 	at org.flywaydb.core.internal.schemahistory.JdbcTableSchemaHistory.lock(JdbcTableSchemaHistory.java:155) ~[flyway-core-5.2.1.jar!/:na]
2019-05-01 11:41:05.732  INFO 18512 --- [ream-1086981353] FRONTEND                                 : STDOUT: 	at org.flywaydb.core.internal.command.DbMigrate.migrateAll(DbMigrate.java:161) ~[flyway-core-5.2.1.jar!/:na]
2019-05-01 11:41:05.732  INFO 18512 --- [ream-1086981353] FRONTEND                                 : STDOUT: 	at org.flywaydb.core.internal.command.DbMigrate.migrate(DbMigrate.java:139) ~[flyway-core-5.2.1.jar!/:na]
2019-05-01 11:41:05.732  INFO 18512 --- [ream-1086981353] FRONTEND                                 : STDOUT: 	at org.flywaydb.core.Flyway$1.execute(Flyway.java:1380) ~[flyway-core-5.2.1.jar!/:na]
2019-05-01 11:41:05.732  INFO 18512 --- [ream-1086981353] FRONTEND                                 : STDOUT: 	at org.flywaydb.core.Flyway$1.execute(Flyway.java:1341) ~[flyway-core-5.2.1.jar!/:na]
2019-05-01 11:41:05.732  INFO 18512 --- [ream-1086981353] FRONTEND                                 : STDOUT: 	at org.flywaydb.core.Flyway.execute(Flyway.java:1696) ~[flyway-core-5.2.1.jar!/:na]
2019-05-01 11:41:05.733  INFO 18512 --- [ream-1086981353] FRONTEND                                 : STDOUT: 	at org.flywaydb.core.Flyway.migrate(Flyway.java:1341) ~[flyway-core-5.2.1.jar!/:na]
2019-05-01 11:41:05.733  INFO 18512 --- [ream-1086981353] FRONTEND                                 : STDOUT: 	at org.springframework.boot.autoconfigure.flyway.FlywayMigrationInitializer.afterPropertiesSet(FlywayMigrationInitializer.java:66) ~[spring-boot-autoconfigure-2.1.3.RELEASE.jar!/:2.1.3.RELEASE]
2019-05-01 11:41:05.733  INFO 18512 --- [ream-1086981353] FRONTEND                                 : STDOUT: 	at org.springframework.beans.factory.support.AbstractAutowireCapableBeanFactory.invokeInitMethods(AbstractAutowireCapableBeanFactory.java:1821) ~[spring-beans-5.1.5.RELEASE.jar!/:5.1.5.RELEASE]
2019-05-01 11:41:05.733  INFO 18512 --- [ream-1086981353] FRONTEND                                 : STDOUT: 	at org.springframework.beans.factory.support.AbstractAutowireCapableBeanFactory.initializeBean(AbstractAutowireCapableBeanFactory.java:1758) ~[spring-beans-5.1.5.RELEASE.jar!/:5.1.5.RELEASE]
2019-05-01 11:41:05.733  INFO 18512 --- [ream-1086981353] FRONTEND                                 : STDOUT: 	... 26 common frames omitted
2019-05-01 11:41:05.733  INFO 18512 --- [ream-1086981353] FRONTEND                                 : STDOUT: Caused by: org.flywaydb.core.internal.sqlscript.FlywaySqlScriptException: 
2019-05-01 11:41:05.733  INFO 18512 --- [ream-1086981353] FRONTEND                                 : STDOUT: Migration V1.0__createSql.sql failed
2019-05-01 11:41:05.733  INFO 18512 --- [ream-1086981353] FRONTEND                                 : STDOUT: ------------------------------------
2019-05-01 11:41:05.733  INFO 18512 --- [ream-1086981353] FRONTEND                                 : STDOUT: SQL State  : 42601
2019-05-01 11:41:05.733  INFO 18512 --- [ream-1086981353] FRONTEND                                 : STDOUT: Error Code : 0
2019-05-01 11:41:05.733  INFO 18512 --- [ream-1086981353] FRONTEND                                 : STDOUT: Message    : ERROR: syntax error at or near "if"
2019-05-01 11:41:05.733  INFO 18512 --- [ream-1086981353] FRONTEND                                 : STDOUT:   Position: 27
2019-05-01 11:41:05.733  INFO 18512 --- [ream-1086981353] FRONTEND                                 : STDOUT: Location   : db/migration/V1.0__createSql.sql (/file:/frontend-exec.jar!/BOOT-INF/lib/backend-1.0-SNAPSHOT.jar!/db/migration/V1.0__createSql.sql)
2019-05-01 11:41:05.734  INFO 18512 --- [ream-1086981353] FRONTEND                                 : STDOUT: Line       : 1
2019-05-01 11:41:05.734  INFO 18512 --- [ream-1086981353] FRONTEND                                 : STDOUT: Statement  : drop table booking_entity if exists
2019-05-01 11:41:05.734  INFO 18512 --- [ream-1086981353] FRONTEND                                 : STDOUT: 
2019-05-01 11:41:05.734  INFO 18512 --- [ream-1086981353] FRONTEND                                 : STDOUT: 	at org.flywaydb.core.internal.sqlscript.DefaultSqlScriptExecutor.handleException(DefaultSqlScriptExecutor.java:249) ~[flyway-core-5.2.1.jar!/:na]
2019-05-01 11:41:05.734  INFO 18512 --- [ream-1086981353] FRONTEND                                 : STDOUT: 	at org.flywaydb.core.internal.sqlscript.DefaultSqlScriptExecutor.executeStatement(DefaultSqlScriptExecutor.java:202) ~[flyway-core-5.2.1.jar!/:na]
2019-05-01 11:41:05.734  INFO 18512 --- [ream-1086981353] FRONTEND                                 : STDOUT: 	at org.flywaydb.core.internal.sqlscript.DefaultSqlScriptExecutor.execute(DefaultSqlScriptExecutor.java:125) ~[flyway-core-5.2.1.jar!/:na]
2019-05-01 11:41:05.734  INFO 18512 --- [ream-1086981353] FRONTEND                                 : STDOUT: 	at org.flywaydb.core.internal.resolver.sql.SqlMigrationExecutor.execute(SqlMigrationExecutor.java:77) ~[flyway-core-5.2.1.jar!/:na]
2019-05-01 11:41:05.734  INFO 18512 --- [ream-1086981353] FRONTEND                                 : STDOUT: 	at org.flywaydb.core.internal.command.DbMigrate.doMigrateGroup(DbMigrate.java:367) ~[flyway-core-5.2.1.jar!/:na]
2019-05-01 11:41:05.734  INFO 18512 --- [ream-1086981353] FRONTEND                                 : STDOUT: 	... 46 common frames omitted
2019-05-01 11:41:05.734  INFO 18512 --- [ream-1086981353] FRONTEND                                 : STDOUT: Caused by: org.postgresql.util.PSQLException: ERROR: syntax error at or near "if"
2019-05-01 11:41:05.734  INFO 18512 --- [ream-1086981353] FRONTEND                                 : STDOUT:   Position: 27
2019-05-01 11:41:05.734  INFO 18512 --- [ream-1086981353] FRONTEND                                 : STDOUT: 	at org.postgresql.core.v3.QueryExecutorImpl.receiveErrorResponse(QueryExecutorImpl.java:2477) ~[postgresql-42.1.4.jar!/:42.1.4]
2019-05-01 11:41:05.734  INFO 18512 --- [ream-1086981353] FRONTEND                                 : STDOUT: 	at org.postgresql.core.v3.QueryExecutorImpl.processResults(QueryExecutorImpl.java:2190) ~[postgresql-42.1.4.jar!/:42.1.4]
2019-05-01 11:41:05.734  INFO 18512 --- [ream-1086981353] FRONTEND                                 : STDOUT: 	at org.postgresql.core.v3.QueryExecutorImpl.execute(QueryExecutorImpl.java:300) ~[postgresql-42.1.4.jar!/:42.1.4]
2019-05-01 11:41:05.735  INFO 18512 --- [ream-1086981353] FRONTEND                                 : STDOUT: 	at org.postgresql.jdbc.PgStatement.executeInternal(PgStatement.java:428) ~[postgresql-42.1.4.jar!/:42.1.4]
2019-05-01 11:41:05.735  INFO 18512 --- [ream-1086981353] FRONTEND                                 : STDOUT: 	at org.postgresql.jdbc.PgStatement.execute(PgStatement.java:354) ~[postgresql-42.1.4.jar!/:42.1.4]
2019-05-01 11:41:05.735  INFO 18512 --- [ream-1086981353] FRONTEND                                 : STDOUT: 	at org.postgresql.jdbc.PgStatement.executeWithFlags(PgStatement.java:301) ~[postgresql-42.1.4.jar!/:42.1.4]
2019-05-01 11:41:05.735  INFO 18512 --- [ream-1086981353] FRONTEND                                 : STDOUT: 	at org.postgresql.jdbc.PgStatement.executeCachedSql(PgStatement.java:287) ~[postgresql-42.1.4.jar!/:42.1.4]
2019-05-01 11:41:05.735  INFO 18512 --- [ream-1086981353] FRONTEND                                 : STDOUT: 	at org.postgresql.jdbc.PgStatement.executeWithFlags(PgStatement.java:264) ~[postgresql-42.1.4.jar!/:42.1.4]
2019-05-01 11:41:05.735  INFO 18512 --- [ream-1086981353] FRONTEND                                 : STDOUT: 	at org.postgresql.jdbc.PgStatement.execute(PgStatement.java:260) ~[postgresql-42.1.4.jar!/:42.1.4]
2019-05-01 11:41:05.735  INFO 18512 --- [ream-1086981353] FRONTEND                                 : STDOUT: 	at com.zaxxer.hikari.pool.ProxyStatement.execute(ProxyStatement.java:95) ~[HikariCP-3.2.0.jar!/:na]
2019-05-01 11:41:05.735  INFO 18512 --- [ream-1086981353] FRONTEND                                 : STDOUT: 	at com.zaxxer.hikari.pool.HikariProxyStatement.execute(HikariProxyStatement.java) ~[HikariCP-3.2.0.jar!/:na]
2019-05-01 11:41:05.735  INFO 18512 --- [ream-1086981353] FRONTEND                                 : STDOUT: 	at org.flywaydb.core.internal.jdbc.JdbcTemplate.executeStatement(JdbcTemplate.java:235) ~[flyway-core-5.2.1.jar!/:na]
2019-05-01 11:41:05.735  INFO 18512 --- [ream-1086981353] FRONTEND                                 : STDOUT: 	at org.flywaydb.core.internal.sqlscript.StandardSqlStatement.execute(StandardSqlStatement.java:42) ~[flyway-core-5.2.1.jar!/:na]
2019-05-01 11:41:05.735  INFO 18512 --- [ream-1086981353] FRONTEND                                 : STDOUT: 	at org.flywaydb.core.internal.sqlscript.DefaultSqlScriptExecutor.executeStatement(DefaultSqlScriptExecutor.java:189) ~[flyway-core-5.2.1.jar!/:na]
2019-05-01 11:41:05.735  INFO 18512 --- [ream-1086981353] FRONTEND                                 : STDOUT: 	... 49 common frames omitted
2019-05-01 11:41:05.736  INFO 18512 --- [ream-1086981353] FRONTEND                                 : STDOUT: 
2019-05-01 11:41:55.293 ERROR 18512 --- [           main] 🐳 [frontend]                            : Could not start container

org.testcontainers.containers.ContainerLaunchException: Timed out waiting for URL to be accessible (http://localhost:32775/ should return HTTP 200)
	at org.testcontainers.containers.wait.strategy.HttpWaitStrategy.waitUntilReady(HttpWaitStrategy.java:197) ~[testcontainers-1.10.1.jar:na]
	at org.testcontainers.containers.wait.strategy.AbstractWaitStrategy.waitUntilReady(AbstractWaitStrategy.java:35) ~[testcontainers-1.10.1.jar:na]
	at org.testcontainers.containers.GenericContainer.waitUntilContainerStarted(GenericContainer.java:606) [testcontainers-1.10.1.jar:na]
	at org.testcontainers.containers.GenericContainer.tryStart(GenericContainer.java:292) [testcontainers-1.10.1.jar:na]
	at org.testcontainers.containers.GenericContainer.lambda$doStart$0(GenericContainer.java:237) [testcontainers-1.10.1.jar:na]
	at org.rnorth.ducttape.unreliables.Unreliables.retryUntilSuccess(Unreliables.java:76) ~[duct-tape-1.0.7.jar:na]
	at org.testcontainers.containers.GenericContainer.doStart(GenericContainer.java:235) [testcontainers-1.10.1.jar:na]
	at org.testcontainers.containers.GenericContainer.start(GenericContainer.java:220) [testcontainers-1.10.1.jar:na]
	at kristiania.enterprise.exam.frontend.selenium.SeleniumDockerIT.startDocker(SeleniumDockerIT.java:92) ~[test-classes/:na]
	at sun.reflect.NativeMethodAccessorImpl.invoke0(Native Method) ~[na:1.8.0_144]
	at sun.reflect.NativeMethodAccessorImpl.invoke(NativeMethodAccessorImpl.java:62) ~[na:1.8.0_144]
	at sun.reflect.DelegatingMethodAccessorImpl.invoke(DelegatingMethodAccessorImpl.java:43) ~[na:1.8.0_144]
	at java.lang.reflect.Method.invoke(Method.java:498) ~[na:1.8.0_144]
	at org.junit.platform.commons.util.ReflectionUtils.invokeMethod(ReflectionUtils.java:532) ~[junit-platform-commons-1.3.2.jar:1.3.2]
	at org.junit.jupiter.engine.execution.ExecutableInvoker.invoke(ExecutableInvoker.java:115) ~[junit-jupiter-engine-5.3.2.jar:5.3.2]
	at org.junit.jupiter.engine.descriptor.ClassTestDescriptor.lambda$invokeBeforeAllMethods$8(ClassTestDescriptor.java:373) ~[junit-jupiter-engine-5.3.2.jar:5.3.2]
	at org.junit.platform.engine.support.hierarchical.ThrowableCollector.execute(ThrowableCollector.java:72) ~[junit-platform-engine-1.3.2.jar:1.3.2]
	at org.junit.jupiter.engine.descriptor.ClassTestDescriptor.invokeBeforeAllMethods(ClassTestDescriptor.java:372) ~[junit-jupiter-engine-5.3.2.jar:5.3.2]
	at org.junit.jupiter.engine.descriptor.ClassTestDescriptor.before(ClassTestDescriptor.java:201) ~[junit-jupiter-engine-5.3.2.jar:5.3.2]
	at org.junit.jupiter.engine.descriptor.ClassTestDescriptor.before(ClassTestDescriptor.java:74) ~[junit-jupiter-engine-5.3.2.jar:5.3.2]
	at org.junit.platform.engine.support.hierarchical.NodeTestTask.lambda$executeRecursively$4(NodeTestTask.java:105) ~[junit-platform-engine-1.3.2.jar:1.3.2]
	at org.junit.platform.engine.support.hierarchical.ThrowableCollector.execute(ThrowableCollector.java:72) ~[junit-platform-engine-1.3.2.jar:1.3.2]
	at org.junit.platform.engine.support.hierarchical.NodeTestTask.executeRecursively(NodeTestTask.java:98) ~[junit-platform-engine-1.3.2.jar:1.3.2]
	at org.junit.platform.engine.support.hierarchical.NodeTestTask.execute(NodeTestTask.java:74) ~[junit-platform-engine-1.3.2.jar:1.3.2]
	at java.util.ArrayList.forEach(ArrayList.java:1249) ~[na:1.8.0_144]
	at org.junit.platform.engine.support.hierarchical.SameThreadHierarchicalTestExecutorService.invokeAll(SameThreadHierarchicalTestExecutorService.java:38) ~[junit-platform-engine-1.3.2.jar:1.3.2]
	at org.junit.platform.engine.support.hierarchical.NodeTestTask.lambda$executeRecursively$4(NodeTestTask.java:112) ~[junit-platform-engine-1.3.2.jar:1.3.2]
	at org.junit.platform.engine.support.hierarchical.ThrowableCollector.execute(ThrowableCollector.java:72) ~[junit-platform-engine-1.3.2.jar:1.3.2]
	at org.junit.platform.engine.support.hierarchical.NodeTestTask.executeRecursively(NodeTestTask.java:98) ~[junit-platform-engine-1.3.2.jar:1.3.2]
	at org.junit.platform.engine.support.hierarchical.NodeTestTask.execute(NodeTestTask.java:74) ~[junit-platform-engine-1.3.2.jar:1.3.2]
	at org.junit.platform.engine.support.hierarchical.SameThreadHierarchicalTestExecutorService.submit(SameThreadHierarchicalTestExecutorService.java:32) ~[junit-platform-engine-1.3.2.jar:1.3.2]
	at org.junit.platform.engine.support.hierarchical.HierarchicalTestExecutor.execute(HierarchicalTestExecutor.java:57) ~[junit-platform-engine-1.3.2.jar:1.3.2]
	at org.junit.platform.engine.support.hierarchical.HierarchicalTestEngine.execute(HierarchicalTestEngine.java:51) ~[junit-platform-engine-1.3.2.jar:1.3.2]
	at org.junit.platform.launcher.core.DefaultLauncher.execute(DefaultLauncher.java:220) ~[junit-platform-launcher-1.3.1.jar:1.3.1]
	at org.junit.platform.launcher.core.DefaultLauncher.lambda$execute$6(DefaultLauncher.java:188) ~[junit-platform-launcher-1.3.1.jar:1.3.1]
	at org.junit.platform.launcher.core.DefaultLauncher.withInterceptedStreams(DefaultLauncher.java:202) ~[junit-platform-launcher-1.3.1.jar:1.3.1]
	at org.junit.platform.launcher.core.DefaultLauncher.execute(DefaultLauncher.java:181) ~[junit-platform-launcher-1.3.1.jar:1.3.1]
	at org.junit.platform.launcher.core.DefaultLauncher.execute(DefaultLauncher.java:128) ~[junit-platform-launcher-1.3.1.jar:1.3.1]
	at org.apache.maven.surefire.junitplatform.JUnitPlatformProvider.invokeAllTests(JUnitPlatformProvider.java:142) ~[surefire-junit-platform-2.22.1.jar:2.22.1]
	at org.apache.maven.surefire.junitplatform.JUnitPlatformProvider.invoke(JUnitPlatformProvider.java:117) ~[surefire-junit-platform-2.22.1.jar:2.22.1]
	at org.apache.maven.surefire.booter.ForkedBooter.invokeProviderInSameClassLoader(ForkedBooter.java:384) ~[surefire-booter-2.22.1.jar:2.22.1]
	at org.apache.maven.surefire.booter.ForkedBooter.runSuitesInProcess(ForkedBooter.java:345) ~[surefire-booter-2.22.1.jar:2.22.1]
	at org.apache.maven.surefire.booter.ForkedBooter.execute(ForkedBooter.java:126) ~[surefire-booter-2.22.1.jar:2.22.1]
	at org.apache.maven.surefire.booter.ForkedBooter.main(ForkedBooter.java:418) ~[surefire-booter-2.22.1.jar:2.22.1]

2019-05-01 11:41:55.294 ERROR 18512 --- [           main] 🐳 [frontend]                            : Container log output (if any) will follow:
2019-05-01 11:41:55.304  INFO 18512 --- [ream-1641861663] 🐳 [frontend]                            : STDOUT: 
2019-05-01 11:41:55.304  INFO 18512 --- [ream-1641861663] 🐳 [frontend]                            : STDOUT:   .   ____          _            __ _ _
2019-05-01 11:41:55.304  INFO 18512 --- [ream-1641861663] 🐳 [frontend]                            : STDOUT:  /\\ / ___'_ __ _ _(_)_ __  __ _ \ \ \ \
2019-05-01 11:41:55.304  INFO 18512 --- [ream-1641861663] 🐳 [frontend]                            : STDOUT: ( ( )\___ | '_ | '_| | '_ \/ _` | \ \ \ \
2019-05-01 11:41:55.304  INFO 18512 --- [ream-1641861663] 🐳 [frontend]                            : STDOUT:  \\/  ___)| |_)| | | | | || (_| |  ) ) ) )
2019-05-01 11:41:55.304  INFO 18512 --- [ream-1641861663] 🐳 [frontend]                            : STDOUT:   '  |____| .__|_| |_|_| |_\__, | / / / /
2019-05-01 11:41:55.304  INFO 18512 --- [ream-1641861663] 🐳 [frontend]                            : STDOUT:  =========|_|==============|___/=/_/_/_/
2019-05-01 11:41:55.304  INFO 18512 --- [ream-1641861663] 🐳 [frontend]                            : STDOUT:  :: Spring Boot ::        (v2.1.3.RELEASE)
2019-05-01 11:41:55.304  INFO 18512 --- [ream-1641861663] 🐳 [frontend]                            : STDOUT: 
2019-05-01 11:41:55.305  INFO 18512 --- [ream-1641861663] 🐳 [frontend]                            : STDOUT: 2019-05-01 09:40:57.425  INFO 1 --- [           main] kristiania.enterprise.exam.Application   : Starting Application on 604653b31134 with PID 1 (/frontend-exec.jar started by root in /)
2019-05-01 11:41:55.305  INFO 18512 --- [ream-1641861663] 🐳 [frontend]                            : STDOUT: 2019-05-01 09:40:57.439  INFO 1 --- [           main] kristiania.enterprise.exam.Application   : No active profile set, falling back to default profiles: default
2019-05-01 11:41:55.305  INFO 18512 --- [ream-1641861663] 🐳 [frontend]                            : STDOUT: 2019-05-01 09:40:59.464  INFO 1 --- [           main] .s.d.r.c.RepositoryConfigurationDelegate : Bootstrapping Spring Data repositories in DEFAULT mode.
2019-05-01 11:41:55.305  INFO 18512 --- [ream-1641861663] 🐳 [frontend]                            : STDOUT: 2019-05-01 09:40:59.598  INFO 1 --- [           main] .s.d.r.c.RepositoryConfigurationDelegate : Finished Spring Data repository scanning in 116ms. Found 1 repository interfaces.
2019-05-01 11:41:55.305  INFO 18512 --- [ream-1641861663] 🐳 [frontend]                            : STDOUT: 2019-05-01 09:41:00.602  INFO 1 --- [           main] trationDelegate$BeanPostProcessorChecker : Bean 'org.springframework.transaction.annotation.ProxyTransactionManagementConfiguration' of type [org.springframework.transaction.annotation.ProxyTransactionManagementConfiguration$$EnhancerBySpringCGLIB$$908b4bd9] is not eligible for getting processed by all BeanPostProcessors (for example: not eligible for auto-proxying)
2019-05-01 11:41:55.305  INFO 18512 --- [ream-1641861663] 🐳 [frontend]                            : STDOUT: 2019-05-01 09:41:00.662  INFO 1 --- [           main] trationDelegate$BeanPostProcessorChecker : Bean 'org.joinfaces.autoconfigure.javaxfaces.JsfBeansAutoConfiguration$Jsf2_3AutoConfiguration' of type [org.joinfaces.autoconfigure.javaxfaces.JsfBeansAutoConfiguration$Jsf2_3AutoConfiguration$$EnhancerBySpringCGLIB$$a0a6958e] is not eligible for getting processed by all BeanPostProcessors (for example: not eligible for auto-proxying)
2019-05-01 11:41:55.305  INFO 18512 --- [ream-1641861663] 🐳 [frontend]                            : STDOUT: 2019-05-01 09:41:00.670  INFO 1 --- [           main] trationDelegate$BeanPostProcessorChecker : Bean 'org.joinfaces.autoconfigure.javaxfaces.JsfBeansAutoConfiguration' of type [org.joinfaces.autoconfigure.javaxfaces.JsfBeansAutoConfiguration$$EnhancerBySpringCGLIB$$54d51a94] is not eligible for getting processed by all BeanPostProcessors (for example: not eligible for auto-proxying)
2019-05-01 11:41:55.305  INFO 18512 --- [ream-1641861663] 🐳 [frontend]                            : STDOUT: 2019-05-01 09:41:01.547  INFO 1 --- [           main] o.s.b.w.embedded.tomcat.TomcatWebServer  : Tomcat initialized with port(s): 8080 (http)
2019-05-01 11:41:55.305  INFO 18512 --- [ream-1641861663] 🐳 [frontend]                            : STDOUT: 2019-05-01 09:41:01.615  INFO 1 --- [           main] o.apache.catalina.core.StandardService   : Starting service [Tomcat]
2019-05-01 11:41:55.305  INFO 18512 --- [ream-1641861663] 🐳 [frontend]                            : STDOUT: 2019-05-01 09:41:01.616  INFO 1 --- [           main] org.apache.catalina.core.StandardEngine  : Starting Servlet engine: [Apache Tomcat/9.0.16]
2019-05-01 11:41:55.305  INFO 18512 --- [ream-1641861663] 🐳 [frontend]                            : STDOUT: 2019-05-01 09:41:01.642  INFO 1 --- [           main] o.a.catalina.core.AprLifecycleListener   : The APR based Apache Tomcat Native library which allows optimal performance in production environments was not found on the java.library.path: [/usr/lib/jvm/java-1.8-openjdk/jre/lib/amd64/server:/usr/lib/jvm/java-1.8-openjdk/jre/lib/amd64:/usr/lib/jvm/java-1.8-openjdk/jre/../lib/amd64:/usr/java/packages/lib/amd64:/usr/lib64:/lib64:/lib:/usr/lib]
2019-05-01 11:41:55.306  INFO 18512 --- [ream-1641861663] 🐳 [frontend]                            : STDOUT: 2019-05-01 09:41:02.233  INFO 1 --- [           main] org.apache.jasper.servlet.TldScanner     : At least one JAR was scanned for TLDs yet contained no TLDs. Enable debug logging for this logger for a complete list of JARs that were scanned but no TLDs were found in them. Skipping unneeded JARs during scanning can improve startup time and JSP compilation time.
2019-05-01 11:41:55.306  INFO 18512 --- [ream-1641861663] 🐳 [frontend]                            : STDOUT: 2019-05-01 09:41:02.530  INFO 1 --- [           main] o.a.c.c.C.[Tomcat].[localhost].[/]       : Initializing Spring embedded WebApplicationContext
2019-05-01 11:41:55.306  INFO 18512 --- [ream-1641861663] 🐳 [frontend]                            : STDOUT: 2019-05-01 09:41:02.530  INFO 1 --- [           main] o.s.web.context.ContextLoader            : Root WebApplicationContext: initialization completed in 4926 ms
2019-05-01 11:41:55.306  INFO 18512 --- [ream-1641861663] 🐳 [frontend]                            : STDOUT: 2019-05-01 09:41:03.130  INFO 1 --- [           main] org.reflections.Reflections              : Reflections took 333 ms to scan 4 urls, producing 543 keys and 2333 values 
2019-05-01 11:41:55.306  INFO 18512 --- [ream-1641861663] 🐳 [frontend]                            : STDOUT: 2019-05-01 09:41:03.516  INFO 1 --- [           main] j.e.resource.webcontainer.jsf.config     : Initializing Mojarra 2.3.5 ( 20180516-1910 bf35b0f6c540c69e80e6da962a2b62756838ac41) for context ''
2019-05-01 11:41:55.306  INFO 18512 --- [ream-1641861663] 🐳 [frontend]                            : STDOUT: 2019-05-01 09:41:03.931  INFO 1 --- [           main] j.e.r.webcontainer.jsf.application       : JSF1048: PostConstruct/PreDestroy annotations present.  ManagedBeans methods marked with these annotations will have said annotations processed.
2019-05-01 11:41:55.306  INFO 18512 --- [ream-1641861663] 🐳 [frontend]                            : STDOUT: 2019-05-01 09:41:04.933  INFO 1 --- [           main] o.omnifaces.VersionLoggerEventListener   : Using OmniFaces version 1.14.1
2019-05-01 11:41:55.306  INFO 18512 --- [ream-1641861663] 🐳 [frontend]                            : STDOUT: 2019-05-01 09:41:05.181  INFO 1 --- [           main] o.f.c.internal.license.VersionPrinter    : Flyway Community Edition 5.2.1 by Boxfuse
2019-05-01 11:41:55.306  INFO 18512 --- [ream-1641861663] 🐳 [frontend]                            : STDOUT: 2019-05-01 09:41:05.198  INFO 1 --- [           main] com.zaxxer.hikari.HikariDataSource       : HikariPool-1 - Starting...
2019-05-01 11:41:55.306  INFO 18512 --- [ream-1641861663] 🐳 [frontend]                            : STDOUT: 2019-05-01 09:41:05.366  INFO 1 --- [           main] com.zaxxer.hikari.pool.PoolBase          : HikariPool-1 - Driver does not support get/set network timeout for connections. (Method org.postgresql.jdbc.PgConnection.getNetworkTimeout() is not yet implemented.)
2019-05-01 11:41:55.306  INFO 18512 --- [ream-1641861663] 🐳 [frontend]                            : STDOUT: 2019-05-01 09:41:05.416  INFO 1 --- [           main] com.zaxxer.hikari.HikariDataSource       : HikariPool-1 - Start completed.
2019-05-01 11:41:55.306  INFO 18512 --- [ream-1641861663] 🐳 [frontend]                            : STDOUT: 2019-05-01 09:41:05.432  INFO 1 --- [           main] o.f.c.internal.database.DatabaseFactory  : Database: jdbc:postgresql://postgresql-host:5432/postgres (PostgreSQL 10.7)
2019-05-01 11:41:55.306  INFO 18512 --- [ream-1641861663] 🐳 [frontend]                            : STDOUT: 2019-05-01 09:41:05.570  INFO 1 --- [           main] o.f.core.internal.command.DbValidate     : Successfully validated 1 migration (execution time 00:00.052s)
2019-05-01 11:41:55.306  INFO 18512 --- [ream-1641861663] 🐳 [frontend]                            : STDOUT: 2019-05-01 09:41:05.596  INFO 1 --- [           main] o.f.c.i.s.JdbcTableSchemaHistory         : Creating Schema History table: "public"."flyway_schema_history"
2019-05-01 11:41:55.307  INFO 18512 --- [ream-1641861663] 🐳 [frontend]                            : STDOUT: 2019-05-01 09:41:05.633  INFO 1 --- [           main] o.f.core.internal.command.DbMigrate      : Current version of schema "public": << Empty Schema >>
2019-05-01 11:41:55.307  INFO 18512 --- [ream-1641861663] 🐳 [frontend]                            : STDOUT: 2019-05-01 09:41:05.635  INFO 1 --- [           main] o.f.core.internal.command.DbMigrate      : Migrating schema "public" to version 1.0 - createSql
2019-05-01 11:41:55.307  INFO 18512 --- [ream-1641861663] 🐳 [frontend]                            : STDOUT: 2019-05-01 09:41:05.650 ERROR 1 --- [           main] o.f.core.internal.command.DbMigrate      : Migration of schema "public" to version 1.0 - createSql failed! Changes successfully rolled back.
2019-05-01 11:41:55.307  INFO 18512 --- [ream-1641861663] 🐳 [frontend]                            : STDOUT: 2019-05-01 09:41:05.654  WARN 1 --- [           main] ConfigServletWebServerApplicationContext : Exception encountered during context initialization - cancelling refresh attempt: org.springframework.beans.factory.BeanCreationException: Error creating bean with name 'flywayInitializer' defined in class path resource [org/springframework/boot/autoconfigure/flyway/FlywayAutoConfiguration$FlywayConfiguration.class]: Invocation of init method failed; nested exception is org.flywaydb.core.internal.command.DbMigrate$FlywayMigrateException: 
2019-05-01 11:41:55.307  INFO 18512 --- [ream-1641861663] 🐳 [frontend]                            : STDOUT: Migration V1.0__createSql.sql failed
2019-05-01 11:41:55.307  INFO 18512 --- [ream-1641861663] 🐳 [frontend]                            : STDOUT: ------------------------------------
2019-05-01 11:41:55.307  INFO 18512 --- [ream-1641861663] 🐳 [frontend]                            : STDOUT: SQL State  : 42601
2019-05-01 11:41:55.307  INFO 18512 --- [ream-1641861663] 🐳 [frontend]                            : STDOUT: Error Code : 0
2019-05-01 11:41:55.307  INFO 18512 --- [ream-1641861663] 🐳 [frontend]                            : STDOUT: Message    : ERROR: syntax error at or near "if"
2019-05-01 11:41:55.307  INFO 18512 --- [ream-1641861663] 🐳 [frontend]                            : STDOUT:   Position: 27
2019-05-01 11:41:55.307  INFO 18512 --- [ream-1641861663] 🐳 [frontend]                            : STDOUT: Location   : db/migration/V1.0__createSql.sql (/file:/frontend-exec.jar!/BOOT-INF/lib/backend-1.0-SNAPSHOT.jar!/db/migration/V1.0__createSql.sql)
2019-05-01 11:41:55.307  INFO 18512 --- [ream-1641861663] 🐳 [frontend]                            : STDOUT: Line       : 1
2019-05-01 11:41:55.307  INFO 18512 --- [ream-1641861663] 🐳 [frontend]                            : STDOUT: Statement  : drop table booking_entity if exists
2019-05-01 11:41:55.307  INFO 18512 --- [ream-1641861663] 🐳 [frontend]                            : STDOUT: 
2019-05-01 11:41:55.308  INFO 18512 --- [ream-1641861663] 🐳 [frontend]                            : STDOUT: 2019-05-01 09:41:05.655  INFO 1 --- [           main] com.zaxxer.hikari.HikariDataSource       : HikariPool-1 - Shutdown initiated...
2019-05-01 11:41:55.308  INFO 18512 --- [ream-1641861663] 🐳 [frontend]                            : STDOUT: 2019-05-01 09:41:05.697  INFO 1 --- [           main] com.zaxxer.hikari.HikariDataSource       : HikariPool-1 - Shutdown completed.
2019-05-01 11:41:55.308  INFO 18512 --- [ream-1641861663] 🐳 [frontend]                            : STDOUT: 2019-05-01 09:41:05.703  INFO 1 --- [           main] o.apache.catalina.core.StandardService   : Stopping service [Tomcat]
2019-05-01 11:41:55.308  INFO 18512 --- [ream-1641861663] 🐳 [frontend]                            : STDOUT: 2019-05-01 09:41:05.727  INFO 1 --- [           main] ConditionEvaluationReportLoggingListener : 
2019-05-01 11:41:55.308  INFO 18512 --- [ream-1641861663] 🐳 [frontend]                            : STDOUT: 
2019-05-01 11:41:55.308  INFO 18512 --- [ream-1641861663] 🐳 [frontend]                            : STDOUT: Error starting ApplicationContext. To display the conditions report re-run your application with 'debug' enabled.
2019-05-01 11:41:55.308  INFO 18512 --- [ream-1641861663] 🐳 [frontend]                            : STDOUT: 2019-05-01 09:41:05.739 ERROR 1 --- [           main] o.s.boot.SpringApplication               : Application run failed
2019-05-01 11:41:55.308  INFO 18512 --- [ream-1641861663] 🐳 [frontend]                            : STDOUT: 
2019-05-01 11:41:55.308  INFO 18512 --- [ream-1641861663] 🐳 [frontend]                            : STDOUT: org.springframework.beans.factory.BeanCreationException: Error creating bean with name 'flywayInitializer' defined in class path resource [org/springframework/boot/autoconfigure/flyway/FlywayAutoConfiguration$FlywayConfiguration.class]: Invocation of init method failed; nested exception is org.flywaydb.core.internal.command.DbMigrate$FlywayMigrateException: 
2019-05-01 11:41:55.308  INFO 18512 --- [ream-1641861663] 🐳 [frontend]                            : STDOUT: Migration V1.0__createSql.sql failed
2019-05-01 11:41:55.308  INFO 18512 --- [ream-1641861663] 🐳 [frontend]                            : STDOUT: ------------------------------------
2019-05-01 11:41:55.308  INFO 18512 --- [ream-1641861663] 🐳 [frontend]                            : STDOUT: SQL State  : 42601
2019-05-01 11:41:55.308  INFO 18512 --- [ream-1641861663] 🐳 [frontend]                            : STDOUT: Error Code : 0
2019-05-01 11:41:55.308  INFO 18512 --- [ream-1641861663] 🐳 [frontend]                            : STDOUT: Message    : ERROR: syntax error at or near "if"
2019-05-01 11:41:55.309  INFO 18512 --- [ream-1641861663] 🐳 [frontend]                            : STDOUT:   Position: 27
2019-05-01 11:41:55.309  INFO 18512 --- [ream-1641861663] 🐳 [frontend]                            : STDOUT: Location   : db/migration/V1.0__createSql.sql (/file:/frontend-exec.jar!/BOOT-INF/lib/backend-1.0-SNAPSHOT.jar!/db/migration/V1.0__createSql.sql)
2019-05-01 11:41:55.309  INFO 18512 --- [ream-1641861663] 🐳 [frontend]                            : STDOUT: Line       : 1
2019-05-01 11:41:55.309  INFO 18512 --- [ream-1641861663] 🐳 [frontend]                            : STDOUT: Statement  : drop table booking_entity if exists
2019-05-01 11:41:55.309  INFO 18512 --- [ream-1641861663] 🐳 [frontend]                            : STDOUT: 
2019-05-01 11:41:55.309  INFO 18512 --- [ream-1641861663] 🐳 [frontend]                            : STDOUT: 	at org.springframework.beans.factory.support.AbstractAutowireCapableBeanFactory.initializeBean(AbstractAutowireCapableBeanFactory.java:1762) ~[spring-beans-5.1.5.RELEASE.jar!/:5.1.5.RELEASE]
2019-05-01 11:41:55.309  INFO 18512 --- [ream-1641861663] 🐳 [frontend]                            : STDOUT: 	at org.springframework.beans.factory.support.AbstractAutowireCapableBeanFactory.doCreateBean(AbstractAutowireCapableBeanFactory.java:593) ~[spring-beans-5.1.5.RELEASE.jar!/:5.1.5.RELEASE]
2019-05-01 11:41:55.309  INFO 18512 --- [ream-1641861663] 🐳 [frontend]                            : STDOUT: 	at org.springframework.beans.factory.support.AbstractAutowireCapableBeanFactory.createBean(AbstractAutowireCapableBeanFactory.java:515) ~[spring-beans-5.1.5.RELEASE.jar!/:5.1.5.RELEASE]
2019-05-01 11:41:55.309  INFO 18512 --- [ream-1641861663] 🐳 [frontend]                            : STDOUT: 	at org.springframework.beans.factory.support.AbstractBeanFactory.lambda$doGetBean$0(AbstractBeanFactory.java:320) ~[spring-beans-5.1.5.RELEASE.jar!/:5.1.5.RELEASE]
2019-05-01 11:41:55.309  INFO 18512 --- [ream-1641861663] 🐳 [frontend]                            : STDOUT: 	at org.springframework.beans.factory.support.DefaultSingletonBeanRegistry.getSingleton(DefaultSingletonBeanRegistry.java:222) ~[spring-beans-5.1.5.RELEASE.jar!/:5.1.5.RELEASE]
2019-05-01 11:41:55.309  INFO 18512 --- [ream-1641861663] 🐳 [frontend]                            : STDOUT: 	at org.springframework.beans.factory.support.AbstractBeanFactory.doGetBean(AbstractBeanFactory.java:318) ~[spring-beans-5.1.5.RELEASE.jar!/:5.1.5.RELEASE]
2019-05-01 11:41:55.309  INFO 18512 --- [ream-1641861663] 🐳 [frontend]                            : STDOUT: 	at org.springframework.beans.factory.support.AbstractBeanFactory.getBean(AbstractBeanFactory.java:199) ~[spring-beans-5.1.5.RELEASE.jar!/:5.1.5.RELEASE]
2019-05-01 11:41:55.309  INFO 18512 --- [ream-1641861663] 🐳 [frontend]                            : STDOUT: 	at org.springframework.beans.factory.support.AbstractBeanFactory.doGetBean(AbstractBeanFactory.java:307) ~[spring-beans-5.1.5.RELEASE.jar!/:5.1.5.RELEASE]
2019-05-01 11:41:55.310  INFO 18512 --- [ream-1641861663] 🐳 [frontend]                            : STDOUT: 	at org.springframework.beans.factory.support.AbstractBeanFactory.getBean(AbstractBeanFactory.java:199) ~[spring-beans-5.1.5.RELEASE.jar!/:5.1.5.RELEASE]
2019-05-01 11:41:55.310  INFO 18512 --- [ream-1641861663] 🐳 [frontend]                            : STDOUT: 	at org.springframework.context.support.AbstractApplicationContext.getBean(AbstractApplicationContext.java:1105) ~[spring-context-5.1.5.RELEASE.jar!/:5.1.5.RELEASE]
2019-05-01 11:41:55.310  INFO 18512 --- [ream-1641861663] 🐳 [frontend]                            : STDOUT: 	at org.springframework.context.support.AbstractApplicationContext.finishBeanFactoryInitialization(AbstractApplicationContext.java:867) ~[spring-context-5.1.5.RELEASE.jar!/:5.1.5.RELEASE]
2019-05-01 11:41:55.310  INFO 18512 --- [ream-1641861663] 🐳 [frontend]                            : STDOUT: 	at org.springframework.context.support.AbstractApplicationContext.refresh(AbstractApplicationContext.java:549) ~[spring-context-5.1.5.RELEASE.jar!/:5.1.5.RELEASE]
2019-05-01 11:41:55.310  INFO 18512 --- [ream-1641861663] 🐳 [frontend]                            : STDOUT: 	at org.springframework.boot.web.servlet.context.ServletWebServerApplicationContext.refresh(ServletWebServerApplicationContext.java:142) ~[spring-boot-2.1.3.RELEASE.jar!/:2.1.3.RELEASE]
2019-05-01 11:41:55.310  INFO 18512 --- [ream-1641861663] 🐳 [frontend]                            : STDOUT: 	at org.springframework.boot.SpringApplication.refresh(SpringApplication.java:775) [spring-boot-2.1.3.RELEASE.jar!/:2.1.3.RELEASE]
2019-05-01 11:41:55.310  INFO 18512 --- [ream-1641861663] 🐳 [frontend]                            : STDOUT: 	at org.springframework.boot.SpringApplication.refreshContext(SpringApplication.java:397) [spring-boot-2.1.3.RELEASE.jar!/:2.1.3.RELEASE]
2019-05-01 11:41:55.310  INFO 18512 --- [ream-1641861663] 🐳 [frontend]                            : STDOUT: 	at org.springframework.boot.SpringApplication.run(SpringApplication.java:316) [spring-boot-2.1.3.RELEASE.jar!/:2.1.3.RELEASE]
2019-05-01 11:41:55.310  INFO 18512 --- [ream-1641861663] 🐳 [frontend]                            : STDOUT: 	at org.springframework.boot.SpringApplication.run(SpringApplication.java:1260) [spring-boot-2.1.3.RELEASE.jar!/:2.1.3.RELEASE]
2019-05-01 11:41:55.310  INFO 18512 --- [ream-1641861663] 🐳 [frontend]                            : STDOUT: 	at org.springframework.boot.SpringApplication.run(SpringApplication.java:1248) [spring-boot-2.1.3.RELEASE.jar!/:2.1.3.RELEASE]
2019-05-01 11:41:55.310  INFO 18512 --- [ream-1641861663] 🐳 [frontend]                            : STDOUT: 	at kristiania.enterprise.exam.Application.main(Application.java:11) [classes!/:na]
2019-05-01 11:41:55.310  INFO 18512 --- [ream-1641861663] 🐳 [frontend]                            : STDOUT: 	at sun.reflect.NativeMethodAccessorImpl.invoke0(Native Method) ~[na:1.8.0_191]
2019-05-01 11:41:55.310  INFO 18512 --- [ream-1641861663] 🐳 [frontend]                            : STDOUT: 	at sun.reflect.NativeMethodAccessorImpl.invoke(NativeMethodAccessorImpl.java:62) ~[na:1.8.0_191]
2019-05-01 11:41:55.311  INFO 18512 --- [ream-1641861663] 🐳 [frontend]                            : STDOUT: 	at sun.reflect.DelegatingMethodAccessorImpl.invoke(DelegatingMethodAccessorImpl.java:43) ~[na:1.8.0_191]
2019-05-01 11:41:55.311  INFO 18512 --- [ream-1641861663] 🐳 [frontend]                            : STDOUT: 	at java.lang.reflect.Method.invoke(Method.java:498) ~[na:1.8.0_191]
2019-05-01 11:41:55.311  INFO 18512 --- [ream-1641861663] 🐳 [frontend]                            : STDOUT: 	at org.springframework.boot.loader.MainMethodRunner.run(MainMethodRunner.java:48) [frontend-exec.jar:na]
2019-05-01 11:41:55.311  INFO 18512 --- [ream-1641861663] 🐳 [frontend]                            : STDOUT: 	at org.springframework.boot.loader.Launcher.launch(Launcher.java:87) [frontend-exec.jar:na]
2019-05-01 11:41:55.311  INFO 18512 --- [ream-1641861663] 🐳 [frontend]                            : STDOUT: 	at org.springframework.boot.loader.Launcher.launch(Launcher.java:50) [frontend-exec.jar:na]
2019-05-01 11:41:55.311  INFO 18512 --- [ream-1641861663] 🐳 [frontend]                            : STDOUT: 	at org.springframework.boot.loader.JarLauncher.main(JarLauncher.java:51) [frontend-exec.jar:na]
2019-05-01 11:41:55.311  INFO 18512 --- [ream-1641861663] 🐳 [frontend]                            : STDOUT: Caused by: org.flywaydb.core.internal.command.DbMigrate$FlywayMigrateException: 
2019-05-01 11:41:55.311  INFO 18512 --- [ream-1641861663] 🐳 [frontend]                            : STDOUT: Migration V1.0__createSql.sql failed
2019-05-01 11:41:55.311  INFO 18512 --- [ream-1641861663] 🐳 [frontend]                            : STDOUT: ------------------------------------
2019-05-01 11:41:55.311  INFO 18512 --- [ream-1641861663] 🐳 [frontend]                            : STDOUT: SQL State  : 42601
2019-05-01 11:41:55.311  INFO 18512 --- [ream-1641861663] 🐳 [frontend]                            : STDOUT: Error Code : 0
2019-05-01 11:41:55.311  INFO 18512 --- [ream-1641861663] 🐳 [frontend]                            : STDOUT: Message    : ERROR: syntax error at or near "if"
2019-05-01 11:41:55.311  INFO 18512 --- [ream-1641861663] 🐳 [frontend]                            : STDOUT:   Position: 27
2019-05-01 11:41:55.311  INFO 18512 --- [ream-1641861663] 🐳 [frontend]                            : STDOUT: Location   : db/migration/V1.0__createSql.sql (/file:/frontend-exec.jar!/BOOT-INF/lib/backend-1.0-SNAPSHOT.jar!/db/migration/V1.0__createSql.sql)
2019-05-01 11:41:55.312  INFO 18512 --- [ream-1641861663] 🐳 [frontend]                            : STDOUT: Line       : 1
2019-05-01 11:41:55.312  INFO 18512 --- [ream-1641861663] 🐳 [frontend]                            : STDOUT: Statement  : drop table booking_entity if exists
2019-05-01 11:41:55.312  INFO 18512 --- [ream-1641861663] 🐳 [frontend]                            : STDOUT: 
2019-05-01 11:41:55.312  INFO 18512 --- [ream-1641861663] 🐳 [frontend]                            : STDOUT: 	at org.flywaydb.core.internal.command.DbMigrate.doMigrateGroup(DbMigrate.java:370) ~[flyway-core-5.2.1.jar!/:na]
2019-05-01 11:41:55.312  INFO 18512 --- [ream-1641861663] 🐳 [frontend]                            : STDOUT: 	at org.flywaydb.core.internal.command.DbMigrate.access$200(DbMigrate.java:54) ~[flyway-core-5.2.1.jar!/:na]
2019-05-01 11:41:55.312  INFO 18512 --- [ream-1641861663] 🐳 [frontend]                            : STDOUT: 	at org.flywaydb.core.internal.command.DbMigrate$3.call(DbMigrate.java:284) ~[flyway-core-5.2.1.jar!/:na]
2019-05-01 11:41:55.312  INFO 18512 --- [ream-1641861663] 🐳 [frontend]                            : STDOUT: 	at org.flywaydb.core.internal.jdbc.TransactionTemplate.execute(TransactionTemplate.java:74) ~[flyway-core-5.2.1.jar!/:na]
2019-05-01 11:41:55.312  INFO 18512 --- [ream-1641861663] 🐳 [frontend]                            : STDOUT: 	at org.flywaydb.core.internal.command.DbMigrate.applyMigrations(DbMigrate.java:281) ~[flyway-core-5.2.1.jar!/:na]
2019-05-01 11:41:55.312  INFO 18512 --- [ream-1641861663] 🐳 [frontend]                            : STDOUT: 	at org.flywaydb.core.internal.command.DbMigrate.migrateGroup(DbMigrate.java:246) ~[flyway-core-5.2.1.jar!/:na]
2019-05-01 11:41:55.312  INFO 18512 --- [ream-1641861663] 🐳 [frontend]                            : STDOUT: 	at org.flywaydb.core.internal.command.DbMigrate.access$100(DbMigrate.java:54) ~[flyway-core-5.2.1.jar!/:na]
2019-05-01 11:41:55.312  INFO 18512 --- [ream-1641861663] 🐳 [frontend]                            : STDOUT: 	at org.flywaydb.core.internal.command.DbMigrate$2.call(DbMigrate.java:164) ~[flyway-core-5.2.1.jar!/:na]
2019-05-01 11:41:55.312  INFO 18512 --- [ream-1641861663] 🐳 [frontend]                            : STDOUT: 	at org.flywaydb.core.internal.command.DbMigrate$2.call(DbMigrate.java:161) ~[flyway-core-5.2.1.jar!/:na]
2019-05-01 11:41:55.313  INFO 18512 --- [ream-1641861663] 🐳 [frontend]                            : STDOUT: 	at org.flywaydb.core.internal.database.postgresql.PostgreSQLAdvisoryLockTemplate.execute(PostgreSQLAdvisoryLockTemplate.java:71) ~[flyway-core-5.2.1.jar!/:na]
2019-05-01 11:41:55.313  INFO 18512 --- [ream-1641861663] 🐳 [frontend]                            : STDOUT: 	at org.flywaydb.core.internal.database.postgresql.PostgreSQLConnection.lock(PostgreSQLConnection.java:104) ~[flyway-core-5.2.1.jar!/:na]
2019-05-01 11:41:55.313  INFO 18512 --- [ream-1641861663] 🐳 [frontend]                            : STDOUT: 	at org.flywaydb.core.internal.schemahistory.JdbcTableSchemaHistory.lock(JdbcTableSchemaHistory.java:155) ~[flyway-core-5.2.1.jar!/:na]
2019-05-01 11:41:55.313  INFO 18512 --- [ream-1641861663] 🐳 [frontend]                            : STDOUT: 	at org.flywaydb.core.internal.command.DbMigrate.migrateAll(DbMigrate.java:161) ~[flyway-core-5.2.1.jar!/:na]
2019-05-01 11:41:55.313  INFO 18512 --- [ream-1641861663] 🐳 [frontend]                            : STDOUT: 	at org.flywaydb.core.internal.command.DbMigrate.migrate(DbMigrate.java:139) ~[flyway-core-5.2.1.jar!/:na]
2019-05-01 11:41:55.313  INFO 18512 --- [ream-1641861663] 🐳 [frontend]                            : STDOUT: 	at org.flywaydb.core.Flyway$1.execute(Flyway.java:1380) ~[flyway-core-5.2.1.jar!/:na]
2019-05-01 11:41:55.313  INFO 18512 --- [ream-1641861663] 🐳 [frontend]                            : STDOUT: 	at org.flywaydb.core.Flyway$1.execute(Flyway.java:1341) ~[flyway-core-5.2.1.jar!/:na]
2019-05-01 11:41:55.313  INFO 18512 --- [ream-1641861663] 🐳 [frontend]                            : STDOUT: 	at org.flywaydb.core.Flyway.execute(Flyway.java:1696) ~[flyway-core-5.2.1.jar!/:na]
2019-05-01 11:41:55.313  INFO 18512 --- [ream-1641861663] 🐳 [frontend]                            : STDOUT: 	at org.flywaydb.core.Flyway.migrate(Flyway.java:1341) ~[flyway-core-5.2.1.jar!/:na]
2019-05-01 11:41:55.313  INFO 18512 --- [ream-1641861663] 🐳 [frontend]                            : STDOUT: 	at org.springframework.boot.autoconfigure.flyway.FlywayMigrationInitializer.afterPropertiesSet(FlywayMigrationInitializer.java:66) ~[spring-boot-autoconfigure-2.1.3.RELEASE.jar!/:2.1.3.RELEASE]
2019-05-01 11:41:55.314  INFO 18512 --- [ream-1641861663] 🐳 [frontend]                            : STDOUT: 	at org.springframework.beans.factory.support.AbstractAutowireCapableBeanFactory.invokeInitMethods(AbstractAutowireCapableBeanFactory.java:1821) ~[spring-beans-5.1.5.RELEASE.jar!/:5.1.5.RELEASE]
2019-05-01 11:41:55.314  INFO 18512 --- [ream-1641861663] 🐳 [frontend]                            : STDOUT: 	at org.springframework.beans.factory.support.AbstractAutowireCapableBeanFactory.initializeBean(AbstractAutowireCapableBeanFactory.java:1758) ~[spring-beans-5.1.5.RELEASE.jar!/:5.1.5.RELEASE]
2019-05-01 11:41:55.314  INFO 18512 --- [ream-1641861663] 🐳 [frontend]                            : STDOUT: 	... 26 common frames omitted
2019-05-01 11:41:55.314  INFO 18512 --- [ream-1641861663] 🐳 [frontend]                            : STDOUT: Caused by: org.flywaydb.core.internal.sqlscript.FlywaySqlScriptException: 
2019-05-01 11:41:55.314  INFO 18512 --- [ream-1641861663] 🐳 [frontend]                            : STDOUT: Migration V1.0__createSql.sql failed
2019-05-01 11:41:55.314  INFO 18512 --- [ream-1641861663] 🐳 [frontend]                            : STDOUT: ------------------------------------
2019-05-01 11:41:55.314  INFO 18512 --- [ream-1641861663] 🐳 [frontend]                            : STDOUT: SQL State  : 42601
2019-05-01 11:41:55.314  INFO 18512 --- [ream-1641861663] 🐳 [frontend]                            : STDOUT: Error Code : 0
2019-05-01 11:41:55.314  INFO 18512 --- [ream-1641861663] 🐳 [frontend]                            : STDOUT: Message    : ERROR: syntax error at or near "if"
2019-05-01 11:41:55.314  INFO 18512 --- [ream-1641861663] 🐳 [frontend]                            : STDOUT:   Position: 27
2019-05-01 11:41:55.315  INFO 18512 --- [ream-1641861663] 🐳 [frontend]                            : STDOUT: Location   : db/migration/V1.0__createSql.sql (/file:/frontend-exec.jar!/BOOT-INF/lib/backend-1.0-SNAPSHOT.jar!/db/migration/V1.0__createSql.sql)
2019-05-01 11:41:55.315  INFO 18512 --- [ream-1641861663] 🐳 [frontend]                            : STDOUT: Line       : 1
2019-05-01 11:41:55.315  INFO 18512 --- [ream-1641861663] 🐳 [frontend]                            : STDOUT: Statement  : drop table booking_entity if exists
2019-05-01 11:41:55.315  INFO 18512 --- [ream-1641861663] 🐳 [frontend]                            : STDOUT: 
2019-05-01 11:41:55.315  INFO 18512 --- [ream-1641861663] 🐳 [frontend]                            : STDOUT: 	at org.flywaydb.core.internal.sqlscript.DefaultSqlScriptExecutor.handleException(DefaultSqlScriptExecutor.java:249) ~[flyway-core-5.2.1.jar!/:na]
2019-05-01 11:41:55.315  INFO 18512 --- [ream-1641861663] 🐳 [frontend]                            : STDOUT: 	at org.flywaydb.core.internal.sqlscript.DefaultSqlScriptExecutor.executeStatement(DefaultSqlScriptExecutor.java:202) ~[flyway-core-5.2.1.jar!/:na]
2019-05-01 11:41:55.315  INFO 18512 --- [ream-1641861663] 🐳 [frontend]                            : STDOUT: 	at org.flywaydb.core.internal.sqlscript.DefaultSqlScriptExecutor.execute(DefaultSqlScriptExecutor.java:125) ~[flyway-core-5.2.1.jar!/:na]
2019-05-01 11:41:55.315  INFO 18512 --- [ream-1641861663] 🐳 [frontend]                            : STDOUT: 	at org.flywaydb.core.internal.resolver.sql.SqlMigrationExecutor.execute(SqlMigrationExecutor.java:77) ~[flyway-core-5.2.1.jar!/:na]
2019-05-01 11:41:55.315  INFO 18512 --- [ream-1641861663] 🐳 [frontend]                            : STDOUT: 	at org.flywaydb.core.internal.command.DbMigrate.doMigrateGroup(DbMigrate.java:367) ~[flyway-core-5.2.1.jar!/:na]
2019-05-01 11:41:55.315  INFO 18512 --- [ream-1641861663] 🐳 [frontend]                            : STDOUT: 	... 46 common frames omitted
2019-05-01 11:41:55.315  INFO 18512 --- [ream-1641861663] 🐳 [frontend]                            : STDOUT: Caused by: org.postgresql.util.PSQLException: ERROR: syntax error at or near "if"
2019-05-01 11:41:55.315  INFO 18512 --- [ream-1641861663] 🐳 [frontend]                            : STDOUT:   Position: 27
2019-05-01 11:41:55.316  INFO 18512 --- [ream-1641861663] 🐳 [frontend]                            : STDOUT: 	at org.postgresql.core.v3.QueryExecutorImpl.receiveErrorResponse(QueryExecutorImpl.java:2477) ~[postgresql-42.1.4.jar!/:42.1.4]
2019-05-01 11:41:55.316  INFO 18512 --- [ream-1641861663] 🐳 [frontend]                            : STDOUT: 	at org.postgresql.core.v3.QueryExecutorImpl.processResults(QueryExecutorImpl.java:2190) ~[postgresql-42.1.4.jar!/:42.1.4]
2019-05-01 11:41:55.316  INFO 18512 --- [ream-1641861663] 🐳 [frontend]                            : STDOUT: 	at org.postgresql.core.v3.QueryExecutorImpl.execute(QueryExecutorImpl.java:300) ~[postgresql-42.1.4.jar!/:42.1.4]
2019-05-01 11:41:55.316  INFO 18512 --- [ream-1641861663] 🐳 [frontend]                            : STDOUT: 	at org.postgresql.jdbc.PgStatement.executeInternal(PgStatement.java:428) ~[postgresql-42.1.4.jar!/:42.1.4]
2019-05-01 11:41:55.316  INFO 18512 --- [ream-1641861663] 🐳 [frontend]                            : STDOUT: 	at org.postgresql.jdbc.PgStatement.execute(PgStatement.java:354) ~[postgresql-42.1.4.jar!/:42.1.4]
2019-05-01 11:41:55.316  INFO 18512 --- [ream-1641861663] 🐳 [frontend]                            : STDOUT: 	at org.postgresql.jdbc.PgStatement.executeWithFlags(PgStatement.java:301) ~[postgresql-42.1.4.jar!/:42.1.4]
2019-05-01 11:41:55.316  INFO 18512 --- [ream-1641861663] 🐳 [frontend]                            : STDOUT: 	at org.postgresql.jdbc.PgStatement.executeCachedSql(PgStatement.java:287) ~[postgresql-42.1.4.jar!/:42.1.4]
2019-05-01 11:41:55.316  INFO 18512 --- [ream-1641861663] 🐳 [frontend]                            : STDOUT: 	at org.postgresql.jdbc.PgStatement.executeWithFlags(PgStatement.java:264) ~[postgresql-42.1.4.jar!/:42.1.4]
2019-05-01 11:41:55.317  INFO 18512 --- [ream-1641861663] 🐳 [frontend]                            : STDOUT: 	at org.postgresql.jdbc.PgStatement.execute(PgStatement.java:260) ~[postgresql-42.1.4.jar!/:42.1.4]
2019-05-01 11:41:55.317  INFO 18512 --- [ream-1641861663] 🐳 [frontend]                            : STDOUT: 	at com.zaxxer.hikari.pool.ProxyStatement.execute(ProxyStatement.java:95) ~[HikariCP-3.2.0.jar!/:na]
2019-05-01 11:41:55.317  INFO 18512 --- [ream-1641861663] 🐳 [frontend]                            : STDOUT: 	at com.zaxxer.hikari.pool.HikariProxyStatement.execute(HikariProxyStatement.java) ~[HikariCP-3.2.0.jar!/:na]
2019-05-01 11:41:55.317  INFO 18512 --- [ream-1641861663] 🐳 [frontend]                            : STDOUT: 	at org.flywaydb.core.internal.jdbc.JdbcTemplate.executeStatement(JdbcTemplate.java:235) ~[flyway-core-5.2.1.jar!/:na]
2019-05-01 11:41:55.317  INFO 18512 --- [ream-1641861663] 🐳 [frontend]                            : STDOUT: 	at org.flywaydb.core.internal.sqlscript.StandardSqlStatement.execute(StandardSqlStatement.java:42) ~[flyway-core-5.2.1.jar!/:na]
2019-05-01 11:41:55.317  INFO 18512 --- [ream-1641861663] 🐳 [frontend]                            : STDOUT: 	at org.flywaydb.core.internal.sqlscript.DefaultSqlScriptExecutor.executeStatement(DefaultSqlScriptExecutor.java:189) ~[flyway-core-5.2.1.jar!/:na]
2019-05-01 11:41:55.317  INFO 18512 --- [ream-1641861663] 🐳 [frontend]                            : STDOUT: 	... 49 common frames omitted
2019-05-01 11:41:55.317  INFO 18512 --- [ream-1641861663] 🐳 [frontend]                            : STDOUT: 
]]></system-out>
  </testcase>
</testsuite>